[2025-02-14 00:13:45,384] INFO [ReplicaFetcherManager on broker 1] Removed fetcher for partitions Set(news-0) (kafka.server.ReplicaFetcherManager)
[2025-02-14 00:13:45,412] INFO [LogLoader partition=news-0, dir=/tmp/kraft-combined-logs] Loading producer state till offset 0 with message format version 2 (kafka.log.UnifiedLog$)
[2025-02-14 00:13:45,415] INFO Created log for partition news-0 in /tmp/kraft-combined-logs/news-0 with properties {} (kafka.log.LogManager)
[2025-02-14 00:13:45,416] INFO [Partition news-0 broker=1] No checkpointed highwatermark is found for partition news-0 (kafka.cluster.Partition)
[2025-02-14 00:13:45,417] INFO [Partition news-0 broker=1] Log loaded for partition news-0 with initial high watermark 0 (kafka.cluster.Partition)
[2025-02-14 00:18:29,507] INFO Sent auto-creation request for Set(__consumer_offsets) to the active controller. (kafka.server.DefaultAutoTopicCreationManager)
[2025-02-14 00:18:29,547] INFO [ReplicaFetcherManager on broker 1] Removed fetcher for partitions Set(__consumer_offsets-13, __consumer_offsets-46, __consumer_offsets-9, __consumer_offsets-42, __consumer_offsets-21, __consumer_offsets-17, __consumer_offsets-30, __consumer_offsets-26, __consumer_offsets-5, __consumer_offsets-38, __consumer_offsets-1, __consumer_offsets-34, __consumer_offsets-16, __consumer_offsets-45, __consumer_offsets-12, __consumer_offsets-41, __consumer_offsets-24, __consumer_offsets-20, __consumer_offsets-49, __consumer_offsets-0, __consumer_offsets-29, __consumer_offsets-25, __consumer_offsets-8, __consumer_offsets-37, __consumer_offsets-4, __consumer_offsets-33, __consumer_offsets-15, __consumer_offsets-48, __consumer_offsets-11, __consumer_offsets-44, __consumer_offsets-23, __consumer_offsets-19, __consumer_offsets-32, __consumer_offsets-28, __consumer_offsets-7, __consumer_offsets-40, __consumer_offsets-3, __consumer_offsets-36, __consumer_offsets-47, __consumer_offsets-14, __consumer_offsets-43, __consumer_offsets-10, __consumer_offsets-22, __consumer_offsets-18, __consumer_offsets-31, __consumer_offsets-27, __consumer_offsets-39, __consumer_offsets-6, __consumer_offsets-35, __consumer_offsets-2) (kafka.server.ReplicaFetcherManager)
[2025-02-14 00:18:29,552] INFO [LogLoader partition=__consumer_offsets-13, dir=/tmp/kraft-combined-logs] Loading producer state till offset 0 with message format version 2 (kafka.log.UnifiedLog$)
[2025-02-14 00:18:29,553] INFO Created log for partition __consumer_offsets-13 in /tmp/kraft-combined-logs/__consumer_offsets-13 with properties {cleanup.policy=compact, compression.type="producer", segment.bytes=104857600} (kafka.log.LogManager)
[2025-02-14 00:18:29,554] INFO [Partition __consumer_offsets-13 broker=1] No checkpointed highwatermark is found for partition __consumer_offsets-13 (kafka.cluster.Partition)
[2025-02-14 00:18:29,554] INFO [Partition __consumer_offsets-13 broker=1] Log loaded for partition __consumer_offsets-13 with initial high watermark 0 (kafka.cluster.Partition)
[2025-02-14 00:18:29,598] INFO [LogLoader partition=__consumer_offsets-46, dir=/tmp/kraft-combined-logs] Loading producer state till offset 0 with message format version 2 (kafka.log.UnifiedLog$)
[2025-02-14 00:18:29,598] INFO Created log for partition __consumer_offsets-46 in /tmp/kraft-combined-logs/__consumer_offsets-46 with properties {cleanup.policy=compact, compression.type="producer", segment.bytes=104857600} (kafka.log.LogManager)
[2025-02-14 00:18:29,599] INFO [Partition __consumer_offsets-46 broker=1] No checkpointed highwatermark is found for partition __consumer_offsets-46 (kafka.cluster.Partition)
[2025-02-14 00:18:29,599] INFO [Partition __consumer_offsets-46 broker=1] Log loaded for partition __consumer_offsets-46 with initial high watermark 0 (kafka.cluster.Partition)
[2025-02-14 00:18:29,624] INFO [LogLoader partition=__consumer_offsets-9, dir=/tmp/kraft-combined-logs] Loading producer state till offset 0 with message format version 2 (kafka.log.UnifiedLog$)
[2025-02-14 00:18:29,625] INFO Created log for partition __consumer_offsets-9 in /tmp/kraft-combined-logs/__consumer_offsets-9 with properties {cleanup.policy=compact, compression.type="producer", segment.bytes=104857600} (kafka.log.LogManager)
[2025-02-14 00:18:29,625] INFO [Partition __consumer_offsets-9 broker=1] No checkpointed highwatermark is found for partition __consumer_offsets-9 (kafka.cluster.Partition)
[2025-02-14 00:18:29,625] INFO [Partition __consumer_offsets-9 broker=1] Log loaded for partition __consumer_offsets-9 with initial high watermark 0 (kafka.cluster.Partition)
[2025-02-14 00:18:29,655] INFO [LogLoader partition=__consumer_offsets-42, dir=/tmp/kraft-combined-logs] Loading producer state till offset 0 with message format version 2 (kafka.log.UnifiedLog$)
[2025-02-14 00:18:29,656] INFO Created log for partition __consumer_offsets-42 in /tmp/kraft-combined-logs/__consumer_offsets-42 with properties {cleanup.policy=compact, compression.type="producer", segment.bytes=104857600} (kafka.log.LogManager)
[2025-02-14 00:18:29,656] INFO [Partition __consumer_offsets-42 broker=1] No checkpointed highwatermark is found for partition __consumer_offsets-42 (kafka.cluster.Partition)
[2025-02-14 00:18:29,656] INFO [Partition __consumer_offsets-42 broker=1] Log loaded for partition __consumer_offsets-42 with initial high watermark 0 (kafka.cluster.Partition)
[2025-02-14 00:18:29,682] INFO [LogLoader partition=__consumer_offsets-21, dir=/tmp/kraft-combined-logs] Loading producer state till offset 0 with message format version 2 (kafka.log.UnifiedLog$)
[2025-02-14 00:18:29,683] INFO Created log for partition __consumer_offsets-21 in /tmp/kraft-combined-logs/__consumer_offsets-21 with properties {cleanup.policy=compact, compression.type="producer", segment.bytes=104857600} (kafka.log.LogManager)
[2025-02-14 00:18:29,683] INFO [Partition __consumer_offsets-21 broker=1] No checkpointed highwatermark is found for partition __consumer_offsets-21 (kafka.cluster.Partition)
[2025-02-14 00:18:29,683] INFO [Partition __consumer_offsets-21 broker=1] Log loaded for partition __consumer_offsets-21 with initial high watermark 0 (kafka.cluster.Partition)
[2025-02-14 00:18:29,702] INFO [LogLoader partition=__consumer_offsets-17, dir=/tmp/kraft-combined-logs] Loading producer state till offset 0 with message format version 2 (kafka.log.UnifiedLog$)
[2025-02-14 00:18:29,703] INFO Created log for partition __consumer_offsets-17 in /tmp/kraft-combined-logs/__consumer_offsets-17 with properties {cleanup.policy=compact, compression.type="producer", segment.bytes=104857600} (kafka.log.LogManager)
[2025-02-14 00:18:29,703] INFO [Partition __consumer_offsets-17 broker=1] No checkpointed highwatermark is found for partition __consumer_offsets-17 (kafka.cluster.Partition)
[2025-02-14 00:18:29,703] INFO [Partition __consumer_offsets-17 broker=1] Log loaded for partition __consumer_offsets-17 with initial high watermark 0 (kafka.cluster.Partition)
[2025-02-14 00:18:29,741] INFO [LogLoader partition=__consumer_offsets-30, dir=/tmp/kraft-combined-logs] Loading producer state till offset 0 with message format version 2 (kafka.log.UnifiedLog$)
[2025-02-14 00:18:29,741] INFO Created log for partition __consumer_offsets-30 in /tmp/kraft-combined-logs/__consumer_offsets-30 with properties {cleanup.policy=compact, compression.type="producer", segment.bytes=104857600} (kafka.log.LogManager)
[2025-02-14 00:18:29,741] INFO [Partition __consumer_offsets-30 broker=1] No checkpointed highwatermark is found for partition __consumer_offsets-30 (kafka.cluster.Partition)
[2025-02-14 00:18:29,741] INFO [Partition __consumer_offsets-30 broker=1] Log loaded for partition __consumer_offsets-30 with initial high watermark 0 (kafka.cluster.Partition)
[2025-02-14 00:18:29,779] INFO [LogLoader partition=__consumer_offsets-26, dir=/tmp/kraft-combined-logs] Loading producer state till offset 0 with message format version 2 (kafka.log.UnifiedLog$)
[2025-02-14 00:18:29,780] INFO Created log for partition __consumer_offsets-26 in /tmp/kraft-combined-logs/__consumer_offsets-26 with properties {cleanup.policy=compact, compression.type="producer", segment.bytes=104857600} (kafka.log.LogManager)
[2025-02-14 00:18:29,780] INFO [Partition __consumer_offsets-26 broker=1] No checkpointed highwatermark is found for partition __consumer_offsets-26 (kafka.cluster.Partition)
[2025-02-14 00:18:29,780] INFO [Partition __consumer_offsets-26 broker=1] Log loaded for partition __consumer_offsets-26 with initial high watermark 0 (kafka.cluster.Partition)
[2025-02-14 00:18:29,806] INFO [LogLoader partition=__consumer_offsets-5, dir=/tmp/kraft-combined-logs] Loading producer state till offset 0 with message format version 2 (kafka.log.UnifiedLog$)
[2025-02-14 00:18:29,807] INFO Created log for partition __consumer_offsets-5 in /tmp/kraft-combined-logs/__consumer_offsets-5 with properties {cleanup.policy=compact, compression.type="producer", segment.bytes=104857600} (kafka.log.LogManager)
[2025-02-14 00:18:29,807] INFO [Partition __consumer_offsets-5 broker=1] No checkpointed highwatermark is found for partition __consumer_offsets-5 (kafka.cluster.Partition)
[2025-02-14 00:18:29,808] INFO [Partition __consumer_offsets-5 broker=1] Log loaded for partition __consumer_offsets-5 with initial high watermark 0 (kafka.cluster.Partition)
[2025-02-14 00:18:29,826] INFO [LogLoader partition=__consumer_offsets-38, dir=/tmp/kraft-combined-logs] Loading producer state till offset 0 with message format version 2 (kafka.log.UnifiedLog$)
[2025-02-14 00:18:29,827] INFO Created log for partition __consumer_offsets-38 in /tmp/kraft-combined-logs/__consumer_offsets-38 with properties {cleanup.policy=compact, compression.type="producer", segment.bytes=104857600} (kafka.log.LogManager)
[2025-02-14 00:18:29,827] INFO [Partition __consumer_offsets-38 broker=1] No checkpointed highwatermark is found for partition __consumer_offsets-38 (kafka.cluster.Partition)
[2025-02-14 00:18:29,827] INFO [Partition __consumer_offsets-38 broker=1] Log loaded for partition __consumer_offsets-38 with initial high watermark 0 (kafka.cluster.Partition)
[2025-02-14 00:18:29,846] INFO [LogLoader partition=__consumer_offsets-1, dir=/tmp/kraft-combined-logs] Loading producer state till offset 0 with message format version 2 (kafka.log.UnifiedLog$)
[2025-02-14 00:18:29,846] INFO Created log for partition __consumer_offsets-1 in /tmp/kraft-combined-logs/__consumer_offsets-1 with properties {cleanup.policy=compact, compression.type="producer", segment.bytes=104857600} (kafka.log.LogManager)
[2025-02-14 00:18:29,847] INFO [Partition __consumer_offsets-1 broker=1] No checkpointed highwatermark is found for partition __consumer_offsets-1 (kafka.cluster.Partition)
[2025-02-14 00:18:29,847] INFO [Partition __consumer_offsets-1 broker=1] Log loaded for partition __consumer_offsets-1 with initial high watermark 0 (kafka.cluster.Partition)
[2025-02-14 00:18:29,868] INFO [LogLoader partition=__consumer_offsets-34, dir=/tmp/kraft-combined-logs] Loading producer state till offset 0 with message format version 2 (kafka.log.UnifiedLog$)
[2025-02-14 00:18:29,869] INFO Created log for partition __consumer_offsets-34 in /tmp/kraft-combined-logs/__consumer_offsets-34 with properties {cleanup.policy=compact, compression.type="producer", segment.bytes=104857600} (kafka.log.LogManager)
[2025-02-14 00:18:29,869] INFO [Partition __consumer_offsets-34 broker=1] No checkpointed highwatermark is found for partition __consumer_offsets-34 (kafka.cluster.Partition)
[2025-02-14 00:18:29,869] INFO [Partition __consumer_offsets-34 broker=1] Log loaded for partition __consumer_offsets-34 with initial high watermark 0 (kafka.cluster.Partition)
[2025-02-14 00:18:29,905] INFO [LogLoader partition=__consumer_offsets-16, dir=/tmp/kraft-combined-logs] Loading producer state till offset 0 with message format version 2 (kafka.log.UnifiedLog$)
[2025-02-14 00:18:29,906] INFO Created log for partition __consumer_offsets-16 in /tmp/kraft-combined-logs/__consumer_offsets-16 with properties {cleanup.policy=compact, compression.type="producer", segment.bytes=104857600} (kafka.log.LogManager)
[2025-02-14 00:18:29,906] INFO [Partition __consumer_offsets-16 broker=1] No checkpointed highwatermark is found for partition __consumer_offsets-16 (kafka.cluster.Partition)
[2025-02-14 00:18:29,906] INFO [Partition __consumer_offsets-16 broker=1] Log loaded for partition __consumer_offsets-16 with initial high watermark 0 (kafka.cluster.Partition)
[2025-02-14 00:18:29,935] INFO [LogLoader partition=__consumer_offsets-45, dir=/tmp/kraft-combined-logs] Loading producer state till offset 0 with message format version 2 (kafka.log.UnifiedLog$)
[2025-02-14 00:18:29,936] INFO Created log for partition __consumer_offsets-45 in /tmp/kraft-combined-logs/__consumer_offsets-45 with properties {cleanup.policy=compact, compression.type="producer", segment.bytes=104857600} (kafka.log.LogManager)
[2025-02-14 00:18:29,936] INFO [Partition __consumer_offsets-45 broker=1] No checkpointed highwatermark is found for partition __consumer_offsets-45 (kafka.cluster.Partition)
[2025-02-14 00:18:29,936] INFO [Partition __consumer_offsets-45 broker=1] Log loaded for partition __consumer_offsets-45 with initial high watermark 0 (kafka.cluster.Partition)
[2025-02-14 00:18:29,963] INFO [LogLoader partition=__consumer_offsets-12, dir=/tmp/kraft-combined-logs] Loading producer state till offset 0 with message format version 2 (kafka.log.UnifiedLog$)
[2025-02-14 00:18:29,963] INFO Created log for partition __consumer_offsets-12 in /tmp/kraft-combined-logs/__consumer_offsets-12 with properties {cleanup.policy=compact, compression.type="producer", segment.bytes=104857600} (kafka.log.LogManager)
[2025-02-14 00:18:29,963] INFO [Partition __consumer_offsets-12 broker=1] No checkpointed highwatermark is found for partition __consumer_offsets-12 (kafka.cluster.Partition)
[2025-02-14 00:18:29,963] INFO [Partition __consumer_offsets-12 broker=1] Log loaded for partition __consumer_offsets-12 with initial high watermark 0 (kafka.cluster.Partition)
[2025-02-14 00:18:29,983] INFO [LogLoader partition=__consumer_offsets-41, dir=/tmp/kraft-combined-logs] Loading producer state till offset 0 with message format version 2 (kafka.log.UnifiedLog$)
[2025-02-14 00:18:29,983] INFO Created log for partition __consumer_offsets-41 in /tmp/kraft-combined-logs/__consumer_offsets-41 with properties {cleanup.policy=compact, compression.type="producer", segment.bytes=104857600} (kafka.log.LogManager)
[2025-02-14 00:18:29,983] INFO [Partition __consumer_offsets-41 broker=1] No checkpointed highwatermark is found for partition __consumer_offsets-41 (kafka.cluster.Partition)
[2025-02-14 00:18:29,983] INFO [Partition __consumer_offsets-41 broker=1] Log loaded for partition __consumer_offsets-41 with initial high watermark 0 (kafka.cluster.Partition)
[2025-02-14 00:18:30,019] INFO [LogLoader partition=__consumer_offsets-24, dir=/tmp/kraft-combined-logs] Loading producer state till offset 0 with message format version 2 (kafka.log.UnifiedLog$)
[2025-02-14 00:18:30,020] INFO Created log for partition __consumer_offsets-24 in /tmp/kraft-combined-logs/__consumer_offsets-24 with properties {cleanup.policy=compact, compression.type="producer", segment.bytes=104857600} (kafka.log.LogManager)
[2025-02-14 00:18:30,020] INFO [Partition __consumer_offsets-24 broker=1] No checkpointed highwatermark is found for partition __consumer_offsets-24 (kafka.cluster.Partition)
[2025-02-14 00:18:30,020] INFO [Partition __consumer_offsets-24 broker=1] Log loaded for partition __consumer_offsets-24 with initial high watermark 0 (kafka.cluster.Partition)
[2025-02-14 00:18:30,039] INFO [LogLoader partition=__consumer_offsets-20, dir=/tmp/kraft-combined-logs] Loading producer state till offset 0 with message format version 2 (kafka.log.UnifiedLog$)
[2025-02-14 00:18:30,040] INFO Created log for partition __consumer_offsets-20 in /tmp/kraft-combined-logs/__consumer_offsets-20 with properties {cleanup.policy=compact, compression.type="producer", segment.bytes=104857600} (kafka.log.LogManager)
[2025-02-14 00:18:30,040] INFO [Partition __consumer_offsets-20 broker=1] No checkpointed highwatermark is found for partition __consumer_offsets-20 (kafka.cluster.Partition)
[2025-02-14 00:18:30,040] INFO [Partition __consumer_offsets-20 broker=1] Log loaded for partition __consumer_offsets-20 with initial high watermark 0 (kafka.cluster.Partition)
[2025-02-14 00:18:30,079] INFO [LogLoader partition=__consumer_offsets-49, dir=/tmp/kraft-combined-logs] Loading producer state till offset 0 with message format version 2 (kafka.log.UnifiedLog$)
[2025-02-14 00:18:30,080] INFO Created log for partition __consumer_offsets-49 in /tmp/kraft-combined-logs/__consumer_offsets-49 with properties {cleanup.policy=compact, compression.type="producer", segment.bytes=104857600} (kafka.log.LogManager)
[2025-02-14 00:18:30,080] INFO [Partition __consumer_offsets-49 broker=1] No checkpointed highwatermark is found for partition __consumer_offsets-49 (kafka.cluster.Partition)
[2025-02-14 00:18:30,080] INFO [Partition __consumer_offsets-49 broker=1] Log loaded for partition __consumer_offsets-49 with initial high watermark 0 (kafka.cluster.Partition)
[2025-02-14 00:18:30,110] INFO [LogLoader partition=__consumer_offsets-0, dir=/tmp/kraft-combined-logs] Loading producer state till offset 0 with message format version 2 (kafka.log.UnifiedLog$)
[2025-02-14 00:18:30,111] INFO Created log for partition __consumer_offsets-0 in /tmp/kraft-combined-logs/__consumer_offsets-0 with properties {cleanup.policy=compact, compression.type="producer", segment.bytes=104857600} (kafka.log.LogManager)
[2025-02-14 00:18:30,111] INFO [Partition __consumer_offsets-0 broker=1] No checkpointed highwatermark is found for partition __consumer_offsets-0 (kafka.cluster.Partition)
[2025-02-14 00:18:30,111] INFO [Partition __consumer_offsets-0 broker=1] Log loaded for partition __consumer_offsets-0 with initial high watermark 0 (kafka.cluster.Partition)
[2025-02-14 00:18:30,141] INFO [LogLoader partition=__consumer_offsets-29, dir=/tmp/kraft-combined-logs] Loading producer state till offset 0 with message format version 2 (kafka.log.UnifiedLog$)
[2025-02-14 00:18:30,142] INFO Created log for partition __consumer_offsets-29 in /tmp/kraft-combined-logs/__consumer_offsets-29 with properties {cleanup.policy=compact, compression.type="producer", segment.bytes=104857600} (kafka.log.LogManager)
[2025-02-14 00:18:30,142] INFO [Partition __consumer_offsets-29 broker=1] No checkpointed highwatermark is found for partition __consumer_offsets-29 (kafka.cluster.Partition)
[2025-02-14 00:18:30,142] INFO [Partition __consumer_offsets-29 broker=1] Log loaded for partition __consumer_offsets-29 with initial high watermark 0 (kafka.cluster.Partition)
[2025-02-14 00:18:30,167] INFO [LogLoader partition=__consumer_offsets-25, dir=/tmp/kraft-combined-logs] Loading producer state till offset 0 with message format version 2 (kafka.log.UnifiedLog$)
[2025-02-14 00:18:30,167] INFO Created log for partition __consumer_offsets-25 in /tmp/kraft-combined-logs/__consumer_offsets-25 with properties {cleanup.policy=compact, compression.type="producer", segment.bytes=104857600} (kafka.log.LogManager)
[2025-02-14 00:18:30,168] INFO [Partition __consumer_offsets-25 broker=1] No checkpointed highwatermark is found for partition __consumer_offsets-25 (kafka.cluster.Partition)
[2025-02-14 00:18:30,168] INFO [Partition __consumer_offsets-25 broker=1] Log loaded for partition __consumer_offsets-25 with initial high watermark 0 (kafka.cluster.Partition)
[2025-02-14 00:18:30,185] INFO [LogLoader partition=__consumer_offsets-8, dir=/tmp/kraft-combined-logs] Loading producer state till offset 0 with message format version 2 (kafka.log.UnifiedLog$)
[2025-02-14 00:18:30,186] INFO Created log for partition __consumer_offsets-8 in /tmp/kraft-combined-logs/__consumer_offsets-8 with properties {cleanup.policy=compact, compression.type="producer", segment.bytes=104857600} (kafka.log.LogManager)
[2025-02-14 00:18:30,186] INFO [Partition __consumer_offsets-8 broker=1] No checkpointed highwatermark is found for partition __consumer_offsets-8 (kafka.cluster.Partition)
[2025-02-14 00:18:30,186] INFO [Partition __consumer_offsets-8 broker=1] Log loaded for partition __consumer_offsets-8 with initial high watermark 0 (kafka.cluster.Partition)
[2025-02-14 00:18:30,222] INFO [LogLoader partition=__consumer_offsets-37, dir=/tmp/kraft-combined-logs] Loading producer state till offset 0 with message format version 2 (kafka.log.UnifiedLog$)
[2025-02-14 00:18:30,223] INFO Created log for partition __consumer_offsets-37 in /tmp/kraft-combined-logs/__consumer_offsets-37 with properties {cleanup.policy=compact, compression.type="producer", segment.bytes=104857600} (kafka.log.LogManager)
[2025-02-14 00:18:30,223] INFO [Partition __consumer_offsets-37 broker=1] No checkpointed highwatermark is found for partition __consumer_offsets-37 (kafka.cluster.Partition)
[2025-02-14 00:18:30,223] INFO [Partition __consumer_offsets-37 broker=1] Log loaded for partition __consumer_offsets-37 with initial high watermark 0 (kafka.cluster.Partition)
[2025-02-14 00:18:30,257] INFO [LogLoader partition=__consumer_offsets-4, dir=/tmp/kraft-combined-logs] Loading producer state till offset 0 with message format version 2 (kafka.log.UnifiedLog$)
[2025-02-14 00:18:30,257] INFO Created log for partition __consumer_offsets-4 in /tmp/kraft-combined-logs/__consumer_offsets-4 with properties {cleanup.policy=compact, compression.type="producer", segment.bytes=104857600} (kafka.log.LogManager)
[2025-02-14 00:18:30,257] INFO [Partition __consumer_offsets-4 broker=1] No checkpointed highwatermark is found for partition __consumer_offsets-4 (kafka.cluster.Partition)
[2025-02-14 00:18:30,257] INFO [Partition __consumer_offsets-4 broker=1] Log loaded for partition __consumer_offsets-4 with initial high watermark 0 (kafka.cluster.Partition)
[2025-02-14 00:18:30,285] INFO [LogLoader partition=__consumer_offsets-33, dir=/tmp/kraft-combined-logs] Loading producer state till offset 0 with message format version 2 (kafka.log.UnifiedLog$)
[2025-02-14 00:18:30,285] INFO Created log for partition __consumer_offsets-33 in /tmp/kraft-combined-logs/__consumer_offsets-33 with properties {cleanup.policy=compact, compression.type="producer", segment.bytes=104857600} (kafka.log.LogManager)
[2025-02-14 00:18:30,285] INFO [Partition __consumer_offsets-33 broker=1] No checkpointed highwatermark is found for partition __consumer_offsets-33 (kafka.cluster.Partition)
[2025-02-14 00:18:30,286] INFO [Partition __consumer_offsets-33 broker=1] Log loaded for partition __consumer_offsets-33 with initial high watermark 0 (kafka.cluster.Partition)
[2025-02-14 00:18:30,306] INFO [LogLoader partition=__consumer_offsets-15, dir=/tmp/kraft-combined-logs] Loading producer state till offset 0 with message format version 2 (kafka.log.UnifiedLog$)
[2025-02-14 00:18:30,307] INFO Created log for partition __consumer_offsets-15 in /tmp/kraft-combined-logs/__consumer_offsets-15 with properties {cleanup.policy=compact, compression.type="producer", segment.bytes=104857600} (kafka.log.LogManager)
[2025-02-14 00:18:30,307] INFO [Partition __consumer_offsets-15 broker=1] No checkpointed highwatermark is found for partition __consumer_offsets-15 (kafka.cluster.Partition)
[2025-02-14 00:18:30,307] INFO [Partition __consumer_offsets-15 broker=1] Log loaded for partition __consumer_offsets-15 with initial high watermark 0 (kafka.cluster.Partition)
[2025-02-14 00:18:30,336] INFO [LogLoader partition=__consumer_offsets-48, dir=/tmp/kraft-combined-logs] Loading producer state till offset 0 with message format version 2 (kafka.log.UnifiedLog$)
[2025-02-14 00:18:30,337] INFO Created log for partition __consumer_offsets-48 in /tmp/kraft-combined-logs/__consumer_offsets-48 with properties {cleanup.policy=compact, compression.type="producer", segment.bytes=104857600} (kafka.log.LogManager)
[2025-02-14 00:18:30,337] INFO [Partition __consumer_offsets-48 broker=1] No checkpointed highwatermark is found for partition __consumer_offsets-48 (kafka.cluster.Partition)
[2025-02-14 00:18:30,337] INFO [Partition __consumer_offsets-48 broker=1] Log loaded for partition __consumer_offsets-48 with initial high watermark 0 (kafka.cluster.Partition)
[2025-02-14 00:18:30,372] INFO [LogLoader partition=__consumer_offsets-11, dir=/tmp/kraft-combined-logs] Loading producer state till offset 0 with message format version 2 (kafka.log.UnifiedLog$)
[2025-02-14 00:18:30,373] INFO Created log for partition __consumer_offsets-11 in /tmp/kraft-combined-logs/__consumer_offsets-11 with properties {cleanup.policy=compact, compression.type="producer", segment.bytes=104857600} (kafka.log.LogManager)
[2025-02-14 00:18:30,373] INFO [Partition __consumer_offsets-11 broker=1] No checkpointed highwatermark is found for partition __consumer_offsets-11 (kafka.cluster.Partition)
[2025-02-14 00:18:30,373] INFO [Partition __consumer_offsets-11 broker=1] Log loaded for partition __consumer_offsets-11 with initial high watermark 0 (kafka.cluster.Partition)
[2025-02-14 00:18:30,390] INFO [LogLoader partition=__consumer_offsets-44, dir=/tmp/kraft-combined-logs] Loading producer state till offset 0 with message format version 2 (kafka.log.UnifiedLog$)
[2025-02-14 00:18:30,391] INFO Created log for partition __consumer_offsets-44 in /tmp/kraft-combined-logs/__consumer_offsets-44 with properties {cleanup.policy=compact, compression.type="producer", segment.bytes=104857600} (kafka.log.LogManager)
[2025-02-14 00:18:30,391] INFO [Partition __consumer_offsets-44 broker=1] No checkpointed highwatermark is found for partition __consumer_offsets-44 (kafka.cluster.Partition)
[2025-02-14 00:18:30,391] INFO [Partition __consumer_offsets-44 broker=1] Log loaded for partition __consumer_offsets-44 with initial high watermark 0 (kafka.cluster.Partition)
[2025-02-14 00:18:30,432] INFO [LogLoader partition=__consumer_offsets-23, dir=/tmp/kraft-combined-logs] Loading producer state till offset 0 with message format version 2 (kafka.log.UnifiedLog$)
[2025-02-14 00:18:30,433] INFO Created log for partition __consumer_offsets-23 in /tmp/kraft-combined-logs/__consumer_offsets-23 with properties {cleanup.policy=compact, compression.type="producer", segment.bytes=104857600} (kafka.log.LogManager)
[2025-02-14 00:18:30,433] INFO [Partition __consumer_offsets-23 broker=1] No checkpointed highwatermark is found for partition __consumer_offsets-23 (kafka.cluster.Partition)
[2025-02-14 00:18:30,433] INFO [Partition __consumer_offsets-23 broker=1] Log loaded for partition __consumer_offsets-23 with initial high watermark 0 (kafka.cluster.Partition)
[2025-02-14 00:18:30,454] INFO [LogLoader partition=__consumer_offsets-19, dir=/tmp/kraft-combined-logs] Loading producer state till offset 0 with message format version 2 (kafka.log.UnifiedLog$)
[2025-02-14 00:18:30,454] INFO Created log for partition __consumer_offsets-19 in /tmp/kraft-combined-logs/__consumer_offsets-19 with properties {cleanup.policy=compact, compression.type="producer", segment.bytes=104857600} (kafka.log.LogManager)
[2025-02-14 00:18:30,455] INFO [Partition __consumer_offsets-19 broker=1] No checkpointed highwatermark is found for partition __consumer_offsets-19 (kafka.cluster.Partition)
[2025-02-14 00:18:30,455] INFO [Partition __consumer_offsets-19 broker=1] Log loaded for partition __consumer_offsets-19 with initial high watermark 0 (kafka.cluster.Partition)
[2025-02-14 00:18:30,482] INFO [LogLoader partition=__consumer_offsets-32, dir=/tmp/kraft-combined-logs] Loading producer state till offset 0 with message format version 2 (kafka.log.UnifiedLog$)
[2025-02-14 00:18:30,483] INFO Created log for partition __consumer_offsets-32 in /tmp/kraft-combined-logs/__consumer_offsets-32 with properties {cleanup.policy=compact, compression.type="producer", segment.bytes=104857600} (kafka.log.LogManager)
[2025-02-14 00:18:30,483] INFO [Partition __consumer_offsets-32 broker=1] No checkpointed highwatermark is found for partition __consumer_offsets-32 (kafka.cluster.Partition)
[2025-02-14 00:18:30,483] INFO [Partition __consumer_offsets-32 broker=1] Log loaded for partition __consumer_offsets-32 with initial high watermark 0 (kafka.cluster.Partition)
[2025-02-14 00:18:30,509] INFO [LogLoader partition=__consumer_offsets-28, dir=/tmp/kraft-combined-logs] Loading producer state till offset 0 with message format version 2 (kafka.log.UnifiedLog$)
[2025-02-14 00:18:30,509] INFO Created log for partition __consumer_offsets-28 in /tmp/kraft-combined-logs/__consumer_offsets-28 with properties {cleanup.policy=compact, compression.type="producer", segment.bytes=104857600} (kafka.log.LogManager)
[2025-02-14 00:18:30,509] INFO [Partition __consumer_offsets-28 broker=1] No checkpointed highwatermark is found for partition __consumer_offsets-28 (kafka.cluster.Partition)
[2025-02-14 00:18:30,510] INFO [Partition __consumer_offsets-28 broker=1] Log loaded for partition __consumer_offsets-28 with initial high watermark 0 (kafka.cluster.Partition)
[2025-02-14 00:18:30,539] INFO [LogLoader partition=__consumer_offsets-7, dir=/tmp/kraft-combined-logs] Loading producer state till offset 0 with message format version 2 (kafka.log.UnifiedLog$)
[2025-02-14 00:18:30,539] INFO Created log for partition __consumer_offsets-7 in /tmp/kraft-combined-logs/__consumer_offsets-7 with properties {cleanup.policy=compact, compression.type="producer", segment.bytes=104857600} (kafka.log.LogManager)
[2025-02-14 00:18:30,539] INFO [Partition __consumer_offsets-7 broker=1] No checkpointed highwatermark is found for partition __consumer_offsets-7 (kafka.cluster.Partition)
[2025-02-14 00:18:30,539] INFO [Partition __consumer_offsets-7 broker=1] Log loaded for partition __consumer_offsets-7 with initial high watermark 0 (kafka.cluster.Partition)
[2025-02-14 00:18:30,577] INFO [LogLoader partition=__consumer_offsets-40, dir=/tmp/kraft-combined-logs] Loading producer state till offset 0 with message format version 2 (kafka.log.UnifiedLog$)
[2025-02-14 00:18:30,578] INFO Created log for partition __consumer_offsets-40 in /tmp/kraft-combined-logs/__consumer_offsets-40 with properties {cleanup.policy=compact, compression.type="producer", segment.bytes=104857600} (kafka.log.LogManager)
[2025-02-14 00:18:30,578] INFO [Partition __consumer_offsets-40 broker=1] No checkpointed highwatermark is found for partition __consumer_offsets-40 (kafka.cluster.Partition)
[2025-02-14 00:18:30,578] INFO [Partition __consumer_offsets-40 broker=1] Log loaded for partition __consumer_offsets-40 with initial high watermark 0 (kafka.cluster.Partition)
[2025-02-14 00:18:30,617] INFO [LogLoader partition=__consumer_offsets-3, dir=/tmp/kraft-combined-logs] Loading producer state till offset 0 with message format version 2 (kafka.log.UnifiedLog$)
[2025-02-14 00:18:30,618] INFO Created log for partition __consumer_offsets-3 in /tmp/kraft-combined-logs/__consumer_offsets-3 with properties {cleanup.policy=compact, compression.type="producer", segment.bytes=104857600} (kafka.log.LogManager)
[2025-02-14 00:18:30,618] INFO [Partition __consumer_offsets-3 broker=1] No checkpointed highwatermark is found for partition __consumer_offsets-3 (kafka.cluster.Partition)
[2025-02-14 00:18:30,618] INFO [Partition __consumer_offsets-3 broker=1] Log loaded for partition __consumer_offsets-3 with initial high watermark 0 (kafka.cluster.Partition)
[2025-02-14 00:18:30,651] INFO [LogLoader partition=__consumer_offsets-36, dir=/tmp/kraft-combined-logs] Loading producer state till offset 0 with message format version 2 (kafka.log.UnifiedLog$)
[2025-02-14 00:18:30,652] INFO Created log for partition __consumer_offsets-36 in /tmp/kraft-combined-logs/__consumer_offsets-36 with properties {cleanup.policy=compact, compression.type="producer", segment.bytes=104857600} (kafka.log.LogManager)
[2025-02-14 00:18:30,652] INFO [Partition __consumer_offsets-36 broker=1] No checkpointed highwatermark is found for partition __consumer_offsets-36 (kafka.cluster.Partition)
[2025-02-14 00:18:30,652] INFO [Partition __consumer_offsets-36 broker=1] Log loaded for partition __consumer_offsets-36 with initial high watermark 0 (kafka.cluster.Partition)
[2025-02-14 00:18:30,696] INFO [LogLoader partition=__consumer_offsets-47, dir=/tmp/kraft-combined-logs] Loading producer state till offset 0 with message format version 2 (kafka.log.UnifiedLog$)
[2025-02-14 00:18:30,697] INFO Created log for partition __consumer_offsets-47 in /tmp/kraft-combined-logs/__consumer_offsets-47 with properties {cleanup.policy=compact, compression.type="producer", segment.bytes=104857600} (kafka.log.LogManager)
[2025-02-14 00:18:30,697] INFO [Partition __consumer_offsets-47 broker=1] No checkpointed highwatermark is found for partition __consumer_offsets-47 (kafka.cluster.Partition)
[2025-02-14 00:18:30,697] INFO [Partition __consumer_offsets-47 broker=1] Log loaded for partition __consumer_offsets-47 with initial high watermark 0 (kafka.cluster.Partition)
[2025-02-14 00:18:30,718] INFO [LogLoader partition=__consumer_offsets-14, dir=/tmp/kraft-combined-logs] Loading producer state till offset 0 with message format version 2 (kafka.log.UnifiedLog$)
[2025-02-14 00:18:30,719] INFO Created log for partition __consumer_offsets-14 in /tmp/kraft-combined-logs/__consumer_offsets-14 with properties {cleanup.policy=compact, compression.type="producer", segment.bytes=104857600} (kafka.log.LogManager)
[2025-02-14 00:18:30,719] INFO [Partition __consumer_offsets-14 broker=1] No checkpointed highwatermark is found for partition __consumer_offsets-14 (kafka.cluster.Partition)
[2025-02-14 00:18:30,719] INFO [Partition __consumer_offsets-14 broker=1] Log loaded for partition __consumer_offsets-14 with initial high watermark 0 (kafka.cluster.Partition)
[2025-02-14 00:18:30,736] INFO [LogLoader partition=__consumer_offsets-43, dir=/tmp/kraft-combined-logs] Loading producer state till offset 0 with message format version 2 (kafka.log.UnifiedLog$)
[2025-02-14 00:18:30,736] INFO Created log for partition __consumer_offsets-43 in /tmp/kraft-combined-logs/__consumer_offsets-43 with properties {cleanup.policy=compact, compression.type="producer", segment.bytes=104857600} (kafka.log.LogManager)
[2025-02-14 00:18:30,737] INFO [Partition __consumer_offsets-43 broker=1] No checkpointed highwatermark is found for partition __consumer_offsets-43 (kafka.cluster.Partition)
[2025-02-14 00:18:30,737] INFO [Partition __consumer_offsets-43 broker=1] Log loaded for partition __consumer_offsets-43 with initial high watermark 0 (kafka.cluster.Partition)
[2025-02-14 00:18:30,779] INFO [LogLoader partition=__consumer_offsets-10, dir=/tmp/kraft-combined-logs] Loading producer state till offset 0 with message format version 2 (kafka.log.UnifiedLog$)
[2025-02-14 00:18:30,780] INFO Created log for partition __consumer_offsets-10 in /tmp/kraft-combined-logs/__consumer_offsets-10 with properties {cleanup.policy=compact, compression.type="producer", segment.bytes=104857600} (kafka.log.LogManager)
[2025-02-14 00:18:30,780] INFO [Partition __consumer_offsets-10 broker=1] No checkpointed highwatermark is found for partition __consumer_offsets-10 (kafka.cluster.Partition)
[2025-02-14 00:18:30,780] INFO [Partition __consumer_offsets-10 broker=1] Log loaded for partition __consumer_offsets-10 with initial high watermark 0 (kafka.cluster.Partition)
[2025-02-14 00:18:30,821] INFO [LogLoader partition=__consumer_offsets-22, dir=/tmp/kraft-combined-logs] Loading producer state till offset 0 with message format version 2 (kafka.log.UnifiedLog$)
[2025-02-14 00:18:30,822] INFO Created log for partition __consumer_offsets-22 in /tmp/kraft-combined-logs/__consumer_offsets-22 with properties {cleanup.policy=compact, compression.type="producer", segment.bytes=104857600} (kafka.log.LogManager)
[2025-02-14 00:18:30,822] INFO [Partition __consumer_offsets-22 broker=1] No checkpointed highwatermark is found for partition __consumer_offsets-22 (kafka.cluster.Partition)
[2025-02-14 00:18:30,822] INFO [Partition __consumer_offsets-22 broker=1] Log loaded for partition __consumer_offsets-22 with initial high watermark 0 (kafka.cluster.Partition)
[2025-02-14 00:18:30,854] INFO [LogLoader partition=__consumer_offsets-18, dir=/tmp/kraft-combined-logs] Loading producer state till offset 0 with message format version 2 (kafka.log.UnifiedLog$)
[2025-02-14 00:18:30,855] INFO Created log for partition __consumer_offsets-18 in /tmp/kraft-combined-logs/__consumer_offsets-18 with properties {cleanup.policy=compact, compression.type="producer", segment.bytes=104857600} (kafka.log.LogManager)
[2025-02-14 00:18:30,855] INFO [Partition __consumer_offsets-18 broker=1] No checkpointed highwatermark is found for partition __consumer_offsets-18 (kafka.cluster.Partition)
[2025-02-14 00:18:30,855] INFO [Partition __consumer_offsets-18 broker=1] Log loaded for partition __consumer_offsets-18 with initial high watermark 0 (kafka.cluster.Partition)
[2025-02-14 00:18:30,883] INFO [LogLoader partition=__consumer_offsets-31, dir=/tmp/kraft-combined-logs] Loading producer state till offset 0 with message format version 2 (kafka.log.UnifiedLog$)
[2025-02-14 00:18:30,883] INFO Created log for partition __consumer_offsets-31 in /tmp/kraft-combined-logs/__consumer_offsets-31 with properties {cleanup.policy=compact, compression.type="producer", segment.bytes=104857600} (kafka.log.LogManager)
[2025-02-14 00:18:30,883] INFO [Partition __consumer_offsets-31 broker=1] No checkpointed highwatermark is found for partition __consumer_offsets-31 (kafka.cluster.Partition)
[2025-02-14 00:18:30,883] INFO [Partition __consumer_offsets-31 broker=1] Log loaded for partition __consumer_offsets-31 with initial high watermark 0 (kafka.cluster.Partition)
[2025-02-14 00:18:30,905] INFO [LogLoader partition=__consumer_offsets-27, dir=/tmp/kraft-combined-logs] Loading producer state till offset 0 with message format version 2 (kafka.log.UnifiedLog$)
[2025-02-14 00:18:30,906] INFO Created log for partition __consumer_offsets-27 in /tmp/kraft-combined-logs/__consumer_offsets-27 with properties {cleanup.policy=compact, compression.type="producer", segment.bytes=104857600} (kafka.log.LogManager)
[2025-02-14 00:18:30,906] INFO [Partition __consumer_offsets-27 broker=1] No checkpointed highwatermark is found for partition __consumer_offsets-27 (kafka.cluster.Partition)
[2025-02-14 00:18:30,906] INFO [Partition __consumer_offsets-27 broker=1] Log loaded for partition __consumer_offsets-27 with initial high watermark 0 (kafka.cluster.Partition)
[2025-02-14 00:18:30,929] INFO [LogLoader partition=__consumer_offsets-39, dir=/tmp/kraft-combined-logs] Loading producer state till offset 0 with message format version 2 (kafka.log.UnifiedLog$)
[2025-02-14 00:18:30,929] INFO Created log for partition __consumer_offsets-39 in /tmp/kraft-combined-logs/__consumer_offsets-39 with properties {cleanup.policy=compact, compression.type="producer", segment.bytes=104857600} (kafka.log.LogManager)
[2025-02-14 00:18:30,929] INFO [Partition __consumer_offsets-39 broker=1] No checkpointed highwatermark is found for partition __consumer_offsets-39 (kafka.cluster.Partition)
[2025-02-14 00:18:30,930] INFO [Partition __consumer_offsets-39 broker=1] Log loaded for partition __consumer_offsets-39 with initial high watermark 0 (kafka.cluster.Partition)
[2025-02-14 00:18:30,947] INFO [LogLoader partition=__consumer_offsets-6, dir=/tmp/kraft-combined-logs] Loading producer state till offset 0 with message format version 2 (kafka.log.UnifiedLog$)
[2025-02-14 00:18:30,948] INFO Created log for partition __consumer_offsets-6 in /tmp/kraft-combined-logs/__consumer_offsets-6 with properties {cleanup.policy=compact, compression.type="producer", segment.bytes=104857600} (kafka.log.LogManager)
[2025-02-14 00:18:30,948] INFO [Partition __consumer_offsets-6 broker=1] No checkpointed highwatermark is found for partition __consumer_offsets-6 (kafka.cluster.Partition)
[2025-02-14 00:18:30,948] INFO [Partition __consumer_offsets-6 broker=1] Log loaded for partition __consumer_offsets-6 with initial high watermark 0 (kafka.cluster.Partition)
[2025-02-14 00:18:30,967] INFO [LogLoader partition=__consumer_offsets-35, dir=/tmp/kraft-combined-logs] Loading producer state till offset 0 with message format version 2 (kafka.log.UnifiedLog$)
[2025-02-14 00:18:30,968] INFO Created log for partition __consumer_offsets-35 in /tmp/kraft-combined-logs/__consumer_offsets-35 with properties {cleanup.policy=compact, compression.type="producer", segment.bytes=104857600} (kafka.log.LogManager)
[2025-02-14 00:18:30,968] INFO [Partition __consumer_offsets-35 broker=1] No checkpointed highwatermark is found for partition __consumer_offsets-35 (kafka.cluster.Partition)
[2025-02-14 00:18:30,968] INFO [Partition __consumer_offsets-35 broker=1] Log loaded for partition __consumer_offsets-35 with initial high watermark 0 (kafka.cluster.Partition)
[2025-02-14 00:18:31,012] INFO [LogLoader partition=__consumer_offsets-2, dir=/tmp/kraft-combined-logs] Loading producer state till offset 0 with message format version 2 (kafka.log.UnifiedLog$)
[2025-02-14 00:18:31,013] INFO Created log for partition __consumer_offsets-2 in /tmp/kraft-combined-logs/__consumer_offsets-2 with properties {cleanup.policy=compact, compression.type="producer", segment.bytes=104857600} (kafka.log.LogManager)
[2025-02-14 00:18:31,013] INFO [Partition __consumer_offsets-2 broker=1] No checkpointed highwatermark is found for partition __consumer_offsets-2 (kafka.cluster.Partition)
[2025-02-14 00:18:31,014] INFO [Partition __consumer_offsets-2 broker=1] Log loaded for partition __consumer_offsets-2 with initial high watermark 0 (kafka.cluster.Partition)
[2025-02-14 00:18:31,042] INFO [GroupCoordinator 1]: Elected as the group coordinator for partition 13 in epoch 0 (kafka.coordinator.group.GroupCoordinator)
[2025-02-14 00:18:31,043] INFO [GroupMetadataManager brokerId=1] Scheduling loading of offsets and group metadata from __consumer_offsets-13 for epoch 0 (kafka.coordinator.group.GroupMetadataManager)
[2025-02-14 00:18:31,043] INFO [GroupCoordinator 1]: Elected as the group coordinator for partition 46 in epoch 0 (kafka.coordinator.group.GroupCoordinator)
[2025-02-14 00:18:31,043] INFO [GroupMetadataManager brokerId=1] Scheduling loading of offsets and group metadata from __consumer_offsets-46 for epoch 0 (kafka.coordinator.group.GroupMetadataManager)
[2025-02-14 00:18:31,044] INFO [GroupCoordinator 1]: Elected as the group coordinator for partition 9 in epoch 0 (kafka.coordinator.group.GroupCoordinator)
[2025-02-14 00:18:31,044] INFO [GroupMetadataManager brokerId=1] Scheduling loading of offsets and group metadata from __consumer_offsets-9 for epoch 0 (kafka.coordinator.group.GroupMetadataManager)
[2025-02-14 00:18:31,044] INFO [GroupCoordinator 1]: Elected as the group coordinator for partition 42 in epoch 0 (kafka.coordinator.group.GroupCoordinator)
[2025-02-14 00:18:31,044] INFO [GroupMetadataManager brokerId=1] Scheduling loading of offsets and group metadata from __consumer_offsets-42 for epoch 0 (kafka.coordinator.group.GroupMetadataManager)
[2025-02-14 00:18:31,044] INFO [GroupCoordinator 1]: Elected as the group coordinator for partition 21 in epoch 0 (kafka.coordinator.group.GroupCoordinator)
[2025-02-14 00:18:31,044] INFO [GroupMetadataManager brokerId=1] Scheduling loading of offsets and group metadata from __consumer_offsets-21 for epoch 0 (kafka.coordinator.group.GroupMetadataManager)
[2025-02-14 00:18:31,044] INFO [GroupCoordinator 1]: Elected as the group coordinator for partition 17 in epoch 0 (kafka.coordinator.group.GroupCoordinator)
[2025-02-14 00:18:31,044] INFO [GroupMetadataManager brokerId=1] Scheduling loading of offsets and group metadata from __consumer_offsets-17 for epoch 0 (kafka.coordinator.group.GroupMetadataManager)
[2025-02-14 00:18:31,044] INFO [GroupCoordinator 1]: Elected as the group coordinator for partition 30 in epoch 0 (kafka.coordinator.group.GroupCoordinator)
[2025-02-14 00:18:31,044] INFO [GroupMetadataManager brokerId=1] Scheduling loading of offsets and group metadata from __consumer_offsets-30 for epoch 0 (kafka.coordinator.group.GroupMetadataManager)
[2025-02-14 00:18:31,044] INFO [GroupCoordinator 1]: Elected as the group coordinator for partition 26 in epoch 0 (kafka.coordinator.group.GroupCoordinator)
[2025-02-14 00:18:31,044] INFO [GroupMetadataManager brokerId=1] Scheduling loading of offsets and group metadata from __consumer_offsets-26 for epoch 0 (kafka.coordinator.group.GroupMetadataManager)
[2025-02-14 00:18:31,044] INFO [GroupCoordinator 1]: Elected as the group coordinator for partition 5 in epoch 0 (kafka.coordinator.group.GroupCoordinator)
[2025-02-14 00:18:31,044] INFO [GroupMetadataManager brokerId=1] Scheduling loading of offsets and group metadata from __consumer_offsets-5 for epoch 0 (kafka.coordinator.group.GroupMetadataManager)
[2025-02-14 00:18:31,044] INFO [GroupCoordinator 1]: Elected as the group coordinator for partition 38 in epoch 0 (kafka.coordinator.group.GroupCoordinator)
[2025-02-14 00:18:31,044] INFO [GroupMetadataManager brokerId=1] Scheduling loading of offsets and group metadata from __consumer_offsets-38 for epoch 0 (kafka.coordinator.group.GroupMetadataManager)
[2025-02-14 00:18:31,044] INFO [GroupCoordinator 1]: Elected as the group coordinator for partition 1 in epoch 0 (kafka.coordinator.group.GroupCoordinator)
[2025-02-14 00:18:31,044] INFO [GroupMetadataManager brokerId=1] Scheduling loading of offsets and group metadata from __consumer_offsets-1 for epoch 0 (kafka.coordinator.group.GroupMetadataManager)
[2025-02-14 00:18:31,044] INFO [GroupCoordinator 1]: Elected as the group coordinator for partition 34 in epoch 0 (kafka.coordinator.group.GroupCoordinator)
[2025-02-14 00:18:31,044] INFO [GroupMetadataManager brokerId=1] Scheduling loading of offsets and group metadata from __consumer_offsets-34 for epoch 0 (kafka.coordinator.group.GroupMetadataManager)
[2025-02-14 00:18:31,044] INFO [GroupCoordinator 1]: Elected as the group coordinator for partition 16 in epoch 0 (kafka.coordinator.group.GroupCoordinator)
[2025-02-14 00:18:31,044] INFO [GroupMetadataManager brokerId=1] Scheduling loading of offsets and group metadata from __consumer_offsets-16 for epoch 0 (kafka.coordinator.group.GroupMetadataManager)
[2025-02-14 00:18:31,044] INFO [GroupCoordinator 1]: Elected as the group coordinator for partition 45 in epoch 0 (kafka.coordinator.group.GroupCoordinator)
[2025-02-14 00:18:31,044] INFO [GroupMetadataManager brokerId=1] Scheduling loading of offsets and group metadata from __consumer_offsets-45 for epoch 0 (kafka.coordinator.group.GroupMetadataManager)
[2025-02-14 00:18:31,045] INFO [GroupCoordinator 1]: Elected as the group coordinator for partition 12 in epoch 0 (kafka.coordinator.group.GroupCoordinator)
[2025-02-14 00:18:31,045] INFO [GroupMetadataManager brokerId=1] Scheduling loading of offsets and group metadata from __consumer_offsets-12 for epoch 0 (kafka.coordinator.group.GroupMetadataManager)
[2025-02-14 00:18:31,045] INFO [GroupCoordinator 1]: Elected as the group coordinator for partition 41 in epoch 0 (kafka.coordinator.group.GroupCoordinator)
[2025-02-14 00:18:31,045] INFO [GroupMetadataManager brokerId=1] Scheduling loading of offsets and group metadata from __consumer_offsets-41 for epoch 0 (kafka.coordinator.group.GroupMetadataManager)
[2025-02-14 00:18:31,045] INFO [GroupCoordinator 1]: Elected as the group coordinator for partition 24 in epoch 0 (kafka.coordinator.group.GroupCoordinator)
[2025-02-14 00:18:31,045] INFO [GroupMetadataManager brokerId=1] Scheduling loading of offsets and group metadata from __consumer_offsets-24 for epoch 0 (kafka.coordinator.group.GroupMetadataManager)
[2025-02-14 00:18:31,045] INFO [GroupCoordinator 1]: Elected as the group coordinator for partition 20 in epoch 0 (kafka.coordinator.group.GroupCoordinator)
[2025-02-14 00:18:31,045] INFO [GroupMetadataManager brokerId=1] Scheduling loading of offsets and group metadata from __consumer_offsets-20 for epoch 0 (kafka.coordinator.group.GroupMetadataManager)
[2025-02-14 00:18:31,045] INFO [GroupCoordinator 1]: Elected as the group coordinator for partition 49 in epoch 0 (kafka.coordinator.group.GroupCoordinator)
[2025-02-14 00:18:31,045] INFO [GroupMetadataManager brokerId=1] Scheduling loading of offsets and group metadata from __consumer_offsets-49 for epoch 0 (kafka.coordinator.group.GroupMetadataManager)
[2025-02-14 00:18:31,045] INFO [GroupCoordinator 1]: Elected as the group coordinator for partition 0 in epoch 0 (kafka.coordinator.group.GroupCoordinator)
[2025-02-14 00:18:31,045] INFO [GroupMetadataManager brokerId=1] Scheduling loading of offsets and group metadata from __consumer_offsets-0 for epoch 0 (kafka.coordinator.group.GroupMetadataManager)
[2025-02-14 00:18:31,045] INFO [GroupCoordinator 1]: Elected as the group coordinator for partition 29 in epoch 0 (kafka.coordinator.group.GroupCoordinator)
[2025-02-14 00:18:31,045] INFO [GroupMetadataManager brokerId=1] Scheduling loading of offsets and group metadata from __consumer_offsets-29 for epoch 0 (kafka.coordinator.group.GroupMetadataManager)
[2025-02-14 00:18:31,046] INFO [GroupCoordinator 1]: Elected as the group coordinator for partition 25 in epoch 0 (kafka.coordinator.group.GroupCoordinator)
[2025-02-14 00:18:31,046] INFO [GroupMetadataManager brokerId=1] Scheduling loading of offsets and group metadata from __consumer_offsets-25 for epoch 0 (kafka.coordinator.group.GroupMetadataManager)
[2025-02-14 00:18:31,046] INFO [GroupCoordinator 1]: Elected as the group coordinator for partition 8 in epoch 0 (kafka.coordinator.group.GroupCoordinator)
[2025-02-14 00:18:31,046] INFO [GroupMetadataManager brokerId=1] Scheduling loading of offsets and group metadata from __consumer_offsets-8 for epoch 0 (kafka.coordinator.group.GroupMetadataManager)
[2025-02-14 00:18:31,046] INFO [GroupCoordinator 1]: Elected as the group coordinator for partition 37 in epoch 0 (kafka.coordinator.group.GroupCoordinator)
[2025-02-14 00:18:31,046] INFO [GroupMetadataManager brokerId=1] Scheduling loading of offsets and group metadata from __consumer_offsets-37 for epoch 0 (kafka.coordinator.group.GroupMetadataManager)
[2025-02-14 00:18:31,046] INFO [GroupCoordinator 1]: Elected as the group coordinator for partition 4 in epoch 0 (kafka.coordinator.group.GroupCoordinator)
[2025-02-14 00:18:31,046] INFO [GroupMetadataManager brokerId=1] Scheduling loading of offsets and group metadata from __consumer_offsets-4 for epoch 0 (kafka.coordinator.group.GroupMetadataManager)
[2025-02-14 00:18:31,046] INFO [GroupCoordinator 1]: Elected as the group coordinator for partition 33 in epoch 0 (kafka.coordinator.group.GroupCoordinator)
[2025-02-14 00:18:31,046] INFO [GroupMetadataManager brokerId=1] Scheduling loading of offsets and group metadata from __consumer_offsets-33 for epoch 0 (kafka.coordinator.group.GroupMetadataManager)
[2025-02-14 00:18:31,046] INFO [GroupCoordinator 1]: Elected as the group coordinator for partition 15 in epoch 0 (kafka.coordinator.group.GroupCoordinator)
[2025-02-14 00:18:31,046] INFO [GroupMetadataManager brokerId=1] Scheduling loading of offsets and group metadata from __consumer_offsets-15 for epoch 0 (kafka.coordinator.group.GroupMetadataManager)
[2025-02-14 00:18:31,046] INFO [GroupCoordinator 1]: Elected as the group coordinator for partition 48 in epoch 0 (kafka.coordinator.group.GroupCoordinator)
[2025-02-14 00:18:31,046] INFO [GroupMetadataManager brokerId=1] Scheduling loading of offsets and group metadata from __consumer_offsets-48 for epoch 0 (kafka.coordinator.group.GroupMetadataManager)
[2025-02-14 00:18:31,046] INFO [GroupCoordinator 1]: Elected as the group coordinator for partition 11 in epoch 0 (kafka.coordinator.group.GroupCoordinator)
[2025-02-14 00:18:31,046] INFO [GroupMetadataManager brokerId=1] Scheduling loading of offsets and group metadata from __consumer_offsets-11 for epoch 0 (kafka.coordinator.group.GroupMetadataManager)
[2025-02-14 00:18:31,046] INFO [GroupCoordinator 1]: Elected as the group coordinator for partition 44 in epoch 0 (kafka.coordinator.group.GroupCoordinator)
[2025-02-14 00:18:31,046] INFO [GroupMetadataManager brokerId=1] Scheduling loading of offsets and group metadata from __consumer_offsets-44 for epoch 0 (kafka.coordinator.group.GroupMetadataManager)
[2025-02-14 00:18:31,047] INFO [GroupCoordinator 1]: Elected as the group coordinator for partition 23 in epoch 0 (kafka.coordinator.group.GroupCoordinator)
[2025-02-14 00:18:31,047] INFO [GroupMetadataManager brokerId=1] Scheduling loading of offsets and group metadata from __consumer_offsets-23 for epoch 0 (kafka.coordinator.group.GroupMetadataManager)
[2025-02-14 00:18:31,047] INFO [GroupCoordinator 1]: Elected as the group coordinator for partition 19 in epoch 0 (kafka.coordinator.group.GroupCoordinator)
[2025-02-14 00:18:31,047] INFO [GroupMetadataManager brokerId=1] Scheduling loading of offsets and group metadata from __consumer_offsets-19 for epoch 0 (kafka.coordinator.group.GroupMetadataManager)
[2025-02-14 00:18:31,047] INFO [GroupCoordinator 1]: Elected as the group coordinator for partition 32 in epoch 0 (kafka.coordinator.group.GroupCoordinator)
[2025-02-14 00:18:31,047] INFO [GroupMetadataManager brokerId=1] Scheduling loading of offsets and group metadata from __consumer_offsets-32 for epoch 0 (kafka.coordinator.group.GroupMetadataManager)
[2025-02-14 00:18:31,047] INFO [GroupCoordinator 1]: Elected as the group coordinator for partition 28 in epoch 0 (kafka.coordinator.group.GroupCoordinator)
[2025-02-14 00:18:31,047] INFO [GroupMetadataManager brokerId=1] Scheduling loading of offsets and group metadata from __consumer_offsets-28 for epoch 0 (kafka.coordinator.group.GroupMetadataManager)
[2025-02-14 00:18:31,047] INFO [GroupCoordinator 1]: Elected as the group coordinator for partition 7 in epoch 0 (kafka.coordinator.group.GroupCoordinator)
[2025-02-14 00:18:31,047] INFO [GroupMetadataManager brokerId=1] Scheduling loading of offsets and group metadata from __consumer_offsets-7 for epoch 0 (kafka.coordinator.group.GroupMetadataManager)
[2025-02-14 00:18:31,047] INFO [GroupCoordinator 1]: Elected as the group coordinator for partition 40 in epoch 0 (kafka.coordinator.group.GroupCoordinator)
[2025-02-14 00:18:31,047] INFO [GroupMetadataManager brokerId=1] Scheduling loading of offsets and group metadata from __consumer_offsets-40 for epoch 0 (kafka.coordinator.group.GroupMetadataManager)
[2025-02-14 00:18:31,047] INFO [GroupCoordinator 1]: Elected as the group coordinator for partition 3 in epoch 0 (kafka.coordinator.group.GroupCoordinator)
[2025-02-14 00:18:31,047] INFO [GroupMetadataManager brokerId=1] Finished loading offsets and group metadata from __consumer_offsets-13 in 4 milliseconds for epoch 0, of which 1 milliseconds was spent in the scheduler. (kafka.coordinator.group.GroupMetadataManager)
[2025-02-14 00:18:31,048] INFO [GroupMetadataManager brokerId=1] Scheduling loading of offsets and group metadata from __consumer_offsets-3 for epoch 0 (kafka.coordinator.group.GroupMetadataManager)
[2025-02-14 00:18:31,049] INFO [GroupMetadataManager brokerId=1] Finished loading offsets and group metadata from __consumer_offsets-46 in 5 milliseconds for epoch 0, of which 5 milliseconds was spent in the scheduler. (kafka.coordinator.group.GroupMetadataManager)
[2025-02-14 00:18:31,049] INFO [GroupCoordinator 1]: Elected as the group coordinator for partition 36 in epoch 0 (kafka.coordinator.group.GroupCoordinator)
[2025-02-14 00:18:31,049] INFO [GroupMetadataManager brokerId=1] Scheduling loading of offsets and group metadata from __consumer_offsets-36 for epoch 0 (kafka.coordinator.group.GroupMetadataManager)
[2025-02-14 00:18:31,049] INFO [GroupCoordinator 1]: Elected as the group coordinator for partition 47 in epoch 0 (kafka.coordinator.group.GroupCoordinator)
[2025-02-14 00:18:31,049] INFO [GroupMetadataManager brokerId=1] Scheduling loading of offsets and group metadata from __consumer_offsets-47 for epoch 0 (kafka.coordinator.group.GroupMetadataManager)
[2025-02-14 00:18:31,049] INFO [GroupCoordinator 1]: Elected as the group coordinator for partition 14 in epoch 0 (kafka.coordinator.group.GroupCoordinator)
[2025-02-14 00:18:31,049] INFO [GroupMetadataManager brokerId=1] Scheduling loading of offsets and group metadata from __consumer_offsets-14 for epoch 0 (kafka.coordinator.group.GroupMetadataManager)
[2025-02-14 00:18:31,049] INFO [GroupCoordinator 1]: Elected as the group coordinator for partition 43 in epoch 0 (kafka.coordinator.group.GroupCoordinator)
[2025-02-14 00:18:31,049] INFO [GroupMetadataManager brokerId=1] Scheduling loading of offsets and group metadata from __consumer_offsets-43 for epoch 0 (kafka.coordinator.group.GroupMetadataManager)
[2025-02-14 00:18:31,049] INFO [GroupCoordinator 1]: Elected as the group coordinator for partition 10 in epoch 0 (kafka.coordinator.group.GroupCoordinator)
[2025-02-14 00:18:31,049] INFO [GroupMetadataManager brokerId=1] Scheduling loading of offsets and group metadata from __consumer_offsets-10 for epoch 0 (kafka.coordinator.group.GroupMetadataManager)
[2025-02-14 00:18:31,049] INFO [GroupMetadataManager brokerId=1] Finished loading offsets and group metadata from __consumer_offsets-9 in 5 milliseconds for epoch 0, of which 5 milliseconds was spent in the scheduler. (kafka.coordinator.group.GroupMetadataManager)
[2025-02-14 00:18:31,049] INFO [GroupCoordinator 1]: Elected as the group coordinator for partition 22 in epoch 0 (kafka.coordinator.group.GroupCoordinator)
[2025-02-14 00:18:31,049] INFO [GroupMetadataManager brokerId=1] Scheduling loading of offsets and group metadata from __consumer_offsets-22 for epoch 0 (kafka.coordinator.group.GroupMetadataManager)
[2025-02-14 00:18:31,049] INFO [GroupCoordinator 1]: Elected as the group coordinator for partition 18 in epoch 0 (kafka.coordinator.group.GroupCoordinator)
[2025-02-14 00:18:31,049] INFO [GroupMetadataManager brokerId=1] Scheduling loading of offsets and group metadata from __consumer_offsets-18 for epoch 0 (kafka.coordinator.group.GroupMetadataManager)
[2025-02-14 00:18:31,049] INFO [GroupCoordinator 1]: Elected as the group coordinator for partition 31 in epoch 0 (kafka.coordinator.group.GroupCoordinator)
[2025-02-14 00:18:31,049] INFO [GroupMetadataManager brokerId=1] Scheduling loading of offsets and group metadata from __consumer_offsets-31 for epoch 0 (kafka.coordinator.group.GroupMetadataManager)
[2025-02-14 00:18:31,050] INFO [GroupCoordinator 1]: Elected as the group coordinator for partition 27 in epoch 0 (kafka.coordinator.group.GroupCoordinator)
[2025-02-14 00:18:31,050] INFO [GroupMetadataManager brokerId=1] Scheduling loading of offsets and group metadata from __consumer_offsets-27 for epoch 0 (kafka.coordinator.group.GroupMetadataManager)
[2025-02-14 00:18:31,049] INFO [GroupMetadataManager brokerId=1] Finished loading offsets and group metadata from __consumer_offsets-42 in 5 milliseconds for epoch 0, of which 5 milliseconds was spent in the scheduler. (kafka.coordinator.group.GroupMetadataManager)
[2025-02-14 00:18:31,050] INFO [GroupCoordinator 1]: Elected as the group coordinator for partition 39 in epoch 0 (kafka.coordinator.group.GroupCoordinator)
[2025-02-14 00:18:31,050] INFO [GroupMetadataManager brokerId=1] Scheduling loading of offsets and group metadata from __consumer_offsets-39 for epoch 0 (kafka.coordinator.group.GroupMetadataManager)
[2025-02-14 00:18:31,050] INFO [GroupCoordinator 1]: Elected as the group coordinator for partition 6 in epoch 0 (kafka.coordinator.group.GroupCoordinator)
[2025-02-14 00:18:31,050] INFO [GroupMetadataManager brokerId=1] Scheduling loading of offsets and group metadata from __consumer_offsets-6 for epoch 0 (kafka.coordinator.group.GroupMetadataManager)
[2025-02-14 00:18:31,050] INFO [GroupMetadataManager brokerId=1] Finished loading offsets and group metadata from __consumer_offsets-21 in 6 milliseconds for epoch 0, of which 6 milliseconds was spent in the scheduler. (kafka.coordinator.group.GroupMetadataManager)
[2025-02-14 00:18:31,050] INFO [GroupCoordinator 1]: Elected as the group coordinator for partition 35 in epoch 0 (kafka.coordinator.group.GroupCoordinator)
[2025-02-14 00:18:31,050] INFO [GroupMetadataManager brokerId=1] Scheduling loading of offsets and group metadata from __consumer_offsets-35 for epoch 0 (kafka.coordinator.group.GroupMetadataManager)
[2025-02-14 00:18:31,050] INFO [GroupCoordinator 1]: Elected as the group coordinator for partition 2 in epoch 0 (kafka.coordinator.group.GroupCoordinator)
[2025-02-14 00:18:31,050] INFO [GroupMetadataManager brokerId=1] Scheduling loading of offsets and group metadata from __consumer_offsets-2 for epoch 0 (kafka.coordinator.group.GroupMetadataManager)
[2025-02-14 00:18:31,050] INFO [GroupMetadataManager brokerId=1] Finished loading offsets and group metadata from __consumer_offsets-17 in 6 milliseconds for epoch 0, of which 6 milliseconds was spent in the scheduler. (kafka.coordinator.group.GroupMetadataManager)
[2025-02-14 00:18:31,050] INFO [GroupMetadataManager brokerId=1] Finished loading offsets and group metadata from __consumer_offsets-30 in 6 milliseconds for epoch 0, of which 6 milliseconds was spent in the scheduler. (kafka.coordinator.group.GroupMetadataManager)
[2025-02-14 00:18:31,050] INFO [GroupMetadataManager brokerId=1] Finished loading offsets and group metadata from __consumer_offsets-26 in 6 milliseconds for epoch 0, of which 6 milliseconds was spent in the scheduler. (kafka.coordinator.group.GroupMetadataManager)
[2025-02-14 00:18:31,051] INFO [GroupMetadataManager brokerId=1] Finished loading offsets and group metadata from __consumer_offsets-5 in 7 milliseconds for epoch 0, of which 7 milliseconds was spent in the scheduler. (kafka.coordinator.group.GroupMetadataManager)
[2025-02-14 00:18:31,051] INFO [GroupMetadataManager brokerId=1] Finished loading offsets and group metadata from __consumer_offsets-38 in 7 milliseconds for epoch 0, of which 7 milliseconds was spent in the scheduler. (kafka.coordinator.group.GroupMetadataManager)
[2025-02-14 00:18:31,051] INFO [GroupMetadataManager brokerId=1] Finished loading offsets and group metadata from __consumer_offsets-1 in 7 milliseconds for epoch 0, of which 7 milliseconds was spent in the scheduler. (kafka.coordinator.group.GroupMetadataManager)
[2025-02-14 00:18:31,051] INFO [GroupMetadataManager brokerId=1] Finished loading offsets and group metadata from __consumer_offsets-34 in 7 milliseconds for epoch 0, of which 7 milliseconds was spent in the scheduler. (kafka.coordinator.group.GroupMetadataManager)
[2025-02-14 00:18:31,051] INFO [GroupMetadataManager brokerId=1] Finished loading offsets and group metadata from __consumer_offsets-16 in 7 milliseconds for epoch 0, of which 7 milliseconds was spent in the scheduler. (kafka.coordinator.group.GroupMetadataManager)
[2025-02-14 00:18:31,051] INFO [GroupMetadataManager brokerId=1] Finished loading offsets and group metadata from __consumer_offsets-45 in 6 milliseconds for epoch 0, of which 6 milliseconds was spent in the scheduler. (kafka.coordinator.group.GroupMetadataManager)
[2025-02-14 00:18:31,052] INFO [GroupMetadataManager brokerId=1] Finished loading offsets and group metadata from __consumer_offsets-12 in 7 milliseconds for epoch 0, of which 7 milliseconds was spent in the scheduler. (kafka.coordinator.group.GroupMetadataManager)
[2025-02-14 00:18:31,052] INFO [GroupMetadataManager brokerId=1] Finished loading offsets and group metadata from __consumer_offsets-41 in 7 milliseconds for epoch 0, of which 7 milliseconds was spent in the scheduler. (kafka.coordinator.group.GroupMetadataManager)
[2025-02-14 00:18:31,052] INFO [GroupMetadataManager brokerId=1] Finished loading offsets and group metadata from __consumer_offsets-24 in 7 milliseconds for epoch 0, of which 7 milliseconds was spent in the scheduler. (kafka.coordinator.group.GroupMetadataManager)
[2025-02-14 00:18:31,052] INFO [GroupMetadataManager brokerId=1] Finished loading offsets and group metadata from __consumer_offsets-20 in 7 milliseconds for epoch 0, of which 7 milliseconds was spent in the scheduler. (kafka.coordinator.group.GroupMetadataManager)
[2025-02-14 00:18:31,052] INFO [GroupMetadataManager brokerId=1] Finished loading offsets and group metadata from __consumer_offsets-49 in 7 milliseconds for epoch 0, of which 7 milliseconds was spent in the scheduler. (kafka.coordinator.group.GroupMetadataManager)
[2025-02-14 00:18:31,052] INFO [GroupMetadataManager brokerId=1] Finished loading offsets and group metadata from __consumer_offsets-0 in 7 milliseconds for epoch 0, of which 7 milliseconds was spent in the scheduler. (kafka.coordinator.group.GroupMetadataManager)
[2025-02-14 00:18:31,052] INFO [GroupMetadataManager brokerId=1] Finished loading offsets and group metadata from __consumer_offsets-29 in 6 milliseconds for epoch 0, of which 6 milliseconds was spent in the scheduler. (kafka.coordinator.group.GroupMetadataManager)
[2025-02-14 00:18:31,053] INFO [GroupMetadataManager brokerId=1] Finished loading offsets and group metadata from __consumer_offsets-25 in 7 milliseconds for epoch 0, of which 6 milliseconds was spent in the scheduler. (kafka.coordinator.group.GroupMetadataManager)
[2025-02-14 00:18:31,053] INFO [GroupMetadataManager brokerId=1] Finished loading offsets and group metadata from __consumer_offsets-8 in 7 milliseconds for epoch 0, of which 7 milliseconds was spent in the scheduler. (kafka.coordinator.group.GroupMetadataManager)
[2025-02-14 00:18:31,053] INFO [GroupMetadataManager brokerId=1] Finished loading offsets and group metadata from __consumer_offsets-37 in 7 milliseconds for epoch 0, of which 7 milliseconds was spent in the scheduler. (kafka.coordinator.group.GroupMetadataManager)
[2025-02-14 00:18:31,053] INFO [GroupMetadataManager brokerId=1] Finished loading offsets and group metadata from __consumer_offsets-4 in 7 milliseconds for epoch 0, of which 7 milliseconds was spent in the scheduler. (kafka.coordinator.group.GroupMetadataManager)
[2025-02-14 00:18:31,054] INFO [GroupMetadataManager brokerId=1] Finished loading offsets and group metadata from __consumer_offsets-33 in 8 milliseconds for epoch 0, of which 8 milliseconds was spent in the scheduler. (kafka.coordinator.group.GroupMetadataManager)
[2025-02-14 00:18:31,054] INFO [GroupMetadataManager brokerId=1] Finished loading offsets and group metadata from __consumer_offsets-15 in 8 milliseconds for epoch 0, of which 8 milliseconds was spent in the scheduler. (kafka.coordinator.group.GroupMetadataManager)
[2025-02-14 00:18:31,054] INFO [GroupMetadataManager brokerId=1] Finished loading offsets and group metadata from __consumer_offsets-48 in 8 milliseconds for epoch 0, of which 8 milliseconds was spent in the scheduler. (kafka.coordinator.group.GroupMetadataManager)
[2025-02-14 00:18:31,054] INFO [GroupMetadataManager brokerId=1] Finished loading offsets and group metadata from __consumer_offsets-11 in 8 milliseconds for epoch 0, of which 8 milliseconds was spent in the scheduler. (kafka.coordinator.group.GroupMetadataManager)
[2025-02-14 00:18:31,055] INFO [GroupMetadataManager brokerId=1] Finished loading offsets and group metadata from __consumer_offsets-44 in 8 milliseconds for epoch 0, of which 7 milliseconds was spent in the scheduler. (kafka.coordinator.group.GroupMetadataManager)
[2025-02-14 00:18:31,055] INFO [GroupMetadataManager brokerId=1] Finished loading offsets and group metadata from __consumer_offsets-23 in 8 milliseconds for epoch 0, of which 8 milliseconds was spent in the scheduler. (kafka.coordinator.group.GroupMetadataManager)
[2025-02-14 00:18:31,055] INFO [GroupMetadataManager brokerId=1] Finished loading offsets and group metadata from __consumer_offsets-19 in 8 milliseconds for epoch 0, of which 8 milliseconds was spent in the scheduler. (kafka.coordinator.group.GroupMetadataManager)
[2025-02-14 00:18:31,056] INFO [GroupMetadataManager brokerId=1] Finished loading offsets and group metadata from __consumer_offsets-32 in 9 milliseconds for epoch 0, of which 9 milliseconds was spent in the scheduler. (kafka.coordinator.group.GroupMetadataManager)
[2025-02-14 00:18:31,056] INFO [GroupMetadataManager brokerId=1] Finished loading offsets and group metadata from __consumer_offsets-28 in 9 milliseconds for epoch 0, of which 9 milliseconds was spent in the scheduler. (kafka.coordinator.group.GroupMetadataManager)
[2025-02-14 00:18:31,056] INFO [GroupMetadataManager brokerId=1] Finished loading offsets and group metadata from __consumer_offsets-7 in 9 milliseconds for epoch 0, of which 9 milliseconds was spent in the scheduler. (kafka.coordinator.group.GroupMetadataManager)
[2025-02-14 00:18:31,056] INFO [GroupMetadataManager brokerId=1] Finished loading offsets and group metadata from __consumer_offsets-40 in 9 milliseconds for epoch 0, of which 9 milliseconds was spent in the scheduler. (kafka.coordinator.group.GroupMetadataManager)
[2025-02-14 00:18:31,056] INFO [GroupMetadataManager brokerId=1] Finished loading offsets and group metadata from __consumer_offsets-3 in 7 milliseconds for epoch 0, of which 7 milliseconds was spent in the scheduler. (kafka.coordinator.group.GroupMetadataManager)
[2025-02-14 00:18:31,056] INFO [GroupMetadataManager brokerId=1] Finished loading offsets and group metadata from __consumer_offsets-36 in 7 milliseconds for epoch 0, of which 7 milliseconds was spent in the scheduler. (kafka.coordinator.group.GroupMetadataManager)
[2025-02-14 00:18:31,057] INFO [GroupMetadataManager brokerId=1] Finished loading offsets and group metadata from __consumer_offsets-47 in 8 milliseconds for epoch 0, of which 7 milliseconds was spent in the scheduler. (kafka.coordinator.group.GroupMetadataManager)
[2025-02-14 00:18:31,057] INFO [GroupMetadataManager brokerId=1] Finished loading offsets and group metadata from __consumer_offsets-14 in 8 milliseconds for epoch 0, of which 8 milliseconds was spent in the scheduler. (kafka.coordinator.group.GroupMetadataManager)
[2025-02-14 00:18:31,057] INFO [GroupMetadataManager brokerId=1] Finished loading offsets and group metadata from __consumer_offsets-43 in 8 milliseconds for epoch 0, of which 8 milliseconds was spent in the scheduler. (kafka.coordinator.group.GroupMetadataManager)
[2025-02-14 00:18:31,057] INFO [DynamicConfigPublisher broker id=1] Updating topic __consumer_offsets with new configuration : compression.type -> producer,cleanup.policy -> compact,segment.bytes -> 104857600 (kafka.server.metadata.DynamicConfigPublisher)
[2025-02-14 00:18:31,057] INFO [GroupMetadataManager brokerId=1] Finished loading offsets and group metadata from __consumer_offsets-10 in 8 milliseconds for epoch 0, of which 8 milliseconds was spent in the scheduler. (kafka.coordinator.group.GroupMetadataManager)
[2025-02-14 00:18:31,058] INFO [GroupMetadataManager brokerId=1] Finished loading offsets and group metadata from __consumer_offsets-22 in 9 milliseconds for epoch 0, of which 8 milliseconds was spent in the scheduler. (kafka.coordinator.group.GroupMetadataManager)
[2025-02-14 00:18:31,058] INFO [GroupMetadataManager brokerId=1] Finished loading offsets and group metadata from __consumer_offsets-18 in 9 milliseconds for epoch 0, of which 9 milliseconds was spent in the scheduler. (kafka.coordinator.group.GroupMetadataManager)
[2025-02-14 00:18:31,058] INFO [GroupMetadataManager brokerId=1] Finished loading offsets and group metadata from __consumer_offsets-31 in 8 milliseconds for epoch 0, of which 8 milliseconds was spent in the scheduler. (kafka.coordinator.group.GroupMetadataManager)
[2025-02-14 00:18:31,058] INFO [GroupMetadataManager brokerId=1] Finished loading offsets and group metadata from __consumer_offsets-27 in 8 milliseconds for epoch 0, of which 8 milliseconds was spent in the scheduler. (kafka.coordinator.group.GroupMetadataManager)
[2025-02-14 00:18:31,058] INFO [GroupMetadataManager brokerId=1] Finished loading offsets and group metadata from __consumer_offsets-39 in 8 milliseconds for epoch 0, of which 8 milliseconds was spent in the scheduler. (kafka.coordinator.group.GroupMetadataManager)
[2025-02-14 00:18:31,059] INFO [GroupMetadataManager brokerId=1] Finished loading offsets and group metadata from __consumer_offsets-6 in 9 milliseconds for epoch 0, of which 8 milliseconds was spent in the scheduler. (kafka.coordinator.group.GroupMetadataManager)
[2025-02-14 00:18:31,059] INFO [GroupMetadataManager brokerId=1] Finished loading offsets and group metadata from __consumer_offsets-35 in 9 milliseconds for epoch 0, of which 9 milliseconds was spent in the scheduler. (kafka.coordinator.group.GroupMetadataManager)
[2025-02-14 00:18:31,059] INFO [GroupMetadataManager brokerId=1] Finished loading offsets and group metadata from __consumer_offsets-2 in 9 milliseconds for epoch 0, of which 9 milliseconds was spent in the scheduler. (kafka.coordinator.group.GroupMetadataManager)
[2025-02-14 00:18:31,137] INFO [GroupCoordinator 1]: Dynamic member with unknown member id joins group console-consumer-18986 in Empty state. Created a new member id console-consumer-a3f5c7e9-e0f4-450d-8aa5-8c76b32e6f39 and request the member to rejoin with this id. (kafka.coordinator.group.GroupCoordinator)
[2025-02-14 00:18:31,157] INFO [GroupCoordinator 1]: Preparing to rebalance group console-consumer-18986 in state PreparingRebalance with old generation 0 (__consumer_offsets-43) (reason: Adding new member console-consumer-a3f5c7e9-e0f4-450d-8aa5-8c76b32e6f39 with group instance id None; client reason: need to re-join with the given member-id: console-consumer-a3f5c7e9-e0f4-450d-8aa5-8c76b32e6f39) (kafka.coordinator.group.GroupCoordinator)
[2025-02-14 00:18:34,189] INFO [GroupCoordinator 1]: Stabilized group console-consumer-18986 generation 1 (__consumer_offsets-43) with 1 members (kafka.coordinator.group.GroupCoordinator)
[2025-02-14 00:18:34,220] INFO [GroupCoordinator 1]: Assignment received from leader console-consumer-a3f5c7e9-e0f4-450d-8aa5-8c76b32e6f39 for group console-consumer-18986 for generation 1. The group has 1 members, 0 of which are static. (kafka.coordinator.group.GroupCoordinator)
