[2025-02-14 00:13:45,379] INFO [Broker id=1] Transitioning 1 partition(s) to local leaders. (state.change.logger)
[2025-02-14 00:13:45,389] INFO [Broker id=1] Creating new partition news-0 with topic id LqAbxIDMT-qLQB13T-FKLQ. (state.change.logger)
[2025-02-14 00:13:45,419] INFO [Broker id=1] Leader news-0 with topic id Some(LqAbxIDMT-qLQB13T-FKLQ) starts at leader epoch 0 from offset 0 with partition epoch 0, high watermark 0, ISR [1], adding replicas [] and removing replicas [] . Previous leader None and previous leader epoch was -1. (state.change.logger)
[2025-02-14 00:18:29,547] INFO [Broker id=1] Transitioning 50 partition(s) to local leaders. (state.change.logger)
[2025-02-14 00:18:29,547] INFO [Broker id=1] Creating new partition __consumer_offsets-13 with topic id T6C57BRHQeW5HD6idzBqAg. (state.change.logger)
[2025-02-14 00:18:29,554] INFO [Broker id=1] Leader __consumer_offsets-13 with topic id Some(T6C57BRHQeW5HD6idzBqAg) starts at leader epoch 0 from offset 0 with partition epoch 0, high watermark 0, ISR [1], adding replicas [] and removing replicas [] . Previous leader None and previous leader epoch was -1. (state.change.logger)
[2025-02-14 00:18:29,595] INFO [Broker id=1] Creating new partition __consumer_offsets-46 with topic id T6C57BRHQeW5HD6idzBqAg. (state.change.logger)
[2025-02-14 00:18:29,599] INFO [Broker id=1] Leader __consumer_offsets-46 with topic id Some(T6C57BRHQeW5HD6idzBqAg) starts at leader epoch 0 from offset 0 with partition epoch 0, high watermark 0, ISR [1], adding replicas [] and removing replicas [] . Previous leader None and previous leader epoch was -1. (state.change.logger)
[2025-02-14 00:18:29,621] INFO [Broker id=1] Creating new partition __consumer_offsets-9 with topic id T6C57BRHQeW5HD6idzBqAg. (state.change.logger)
[2025-02-14 00:18:29,625] INFO [Broker id=1] Leader __consumer_offsets-9 with topic id Some(T6C57BRHQeW5HD6idzBqAg) starts at leader epoch 0 from offset 0 with partition epoch 0, high watermark 0, ISR [1], adding replicas [] and removing replicas [] . Previous leader None and previous leader epoch was -1. (state.change.logger)
[2025-02-14 00:18:29,653] INFO [Broker id=1] Creating new partition __consumer_offsets-42 with topic id T6C57BRHQeW5HD6idzBqAg. (state.change.logger)
[2025-02-14 00:18:29,656] INFO [Broker id=1] Leader __consumer_offsets-42 with topic id Some(T6C57BRHQeW5HD6idzBqAg) starts at leader epoch 0 from offset 0 with partition epoch 0, high watermark 0, ISR [1], adding replicas [] and removing replicas [] . Previous leader None and previous leader epoch was -1. (state.change.logger)
[2025-02-14 00:18:29,679] INFO [Broker id=1] Creating new partition __consumer_offsets-21 with topic id T6C57BRHQeW5HD6idzBqAg. (state.change.logger)
[2025-02-14 00:18:29,683] INFO [Broker id=1] Leader __consumer_offsets-21 with topic id Some(T6C57BRHQeW5HD6idzBqAg) starts at leader epoch 0 from offset 0 with partition epoch 0, high watermark 0, ISR [1], adding replicas [] and removing replicas [] . Previous leader None and previous leader epoch was -1. (state.change.logger)
[2025-02-14 00:18:29,698] INFO [Broker id=1] Creating new partition __consumer_offsets-17 with topic id T6C57BRHQeW5HD6idzBqAg. (state.change.logger)
[2025-02-14 00:18:29,703] INFO [Broker id=1] Leader __consumer_offsets-17 with topic id Some(T6C57BRHQeW5HD6idzBqAg) starts at leader epoch 0 from offset 0 with partition epoch 0, high watermark 0, ISR [1], adding replicas [] and removing replicas [] . Previous leader None and previous leader epoch was -1. (state.change.logger)
[2025-02-14 00:18:29,738] INFO [Broker id=1] Creating new partition __consumer_offsets-30 with topic id T6C57BRHQeW5HD6idzBqAg. (state.change.logger)
[2025-02-14 00:18:29,742] INFO [Broker id=1] Leader __consumer_offsets-30 with topic id Some(T6C57BRHQeW5HD6idzBqAg) starts at leader epoch 0 from offset 0 with partition epoch 0, high watermark 0, ISR [1], adding replicas [] and removing replicas [] . Previous leader None and previous leader epoch was -1. (state.change.logger)
[2025-02-14 00:18:29,775] INFO [Broker id=1] Creating new partition __consumer_offsets-26 with topic id T6C57BRHQeW5HD6idzBqAg. (state.change.logger)
[2025-02-14 00:18:29,780] INFO [Broker id=1] Leader __consumer_offsets-26 with topic id Some(T6C57BRHQeW5HD6idzBqAg) starts at leader epoch 0 from offset 0 with partition epoch 0, high watermark 0, ISR [1], adding replicas [] and removing replicas [] . Previous leader None and previous leader epoch was -1. (state.change.logger)
[2025-02-14 00:18:29,803] INFO [Broker id=1] Creating new partition __consumer_offsets-5 with topic id T6C57BRHQeW5HD6idzBqAg. (state.change.logger)
[2025-02-14 00:18:29,808] INFO [Broker id=1] Leader __consumer_offsets-5 with topic id Some(T6C57BRHQeW5HD6idzBqAg) starts at leader epoch 0 from offset 0 with partition epoch 0, high watermark 0, ISR [1], adding replicas [] and removing replicas [] . Previous leader None and previous leader epoch was -1. (state.change.logger)
[2025-02-14 00:18:29,823] INFO [Broker id=1] Creating new partition __consumer_offsets-38 with topic id T6C57BRHQeW5HD6idzBqAg. (state.change.logger)
[2025-02-14 00:18:29,827] INFO [Broker id=1] Leader __consumer_offsets-38 with topic id Some(T6C57BRHQeW5HD6idzBqAg) starts at leader epoch 0 from offset 0 with partition epoch 0, high watermark 0, ISR [1], adding replicas [] and removing replicas [] . Previous leader None and previous leader epoch was -1. (state.change.logger)
[2025-02-14 00:18:29,842] INFO [Broker id=1] Creating new partition __consumer_offsets-1 with topic id T6C57BRHQeW5HD6idzBqAg. (state.change.logger)
[2025-02-14 00:18:29,847] INFO [Broker id=1] Leader __consumer_offsets-1 with topic id Some(T6C57BRHQeW5HD6idzBqAg) starts at leader epoch 0 from offset 0 with partition epoch 0, high watermark 0, ISR [1], adding replicas [] and removing replicas [] . Previous leader None and previous leader epoch was -1. (state.change.logger)
[2025-02-14 00:18:29,865] INFO [Broker id=1] Creating new partition __consumer_offsets-34 with topic id T6C57BRHQeW5HD6idzBqAg. (state.change.logger)
[2025-02-14 00:18:29,869] INFO [Broker id=1] Leader __consumer_offsets-34 with topic id Some(T6C57BRHQeW5HD6idzBqAg) starts at leader epoch 0 from offset 0 with partition epoch 0, high watermark 0, ISR [1], adding replicas [] and removing replicas [] . Previous leader None and previous leader epoch was -1. (state.change.logger)
[2025-02-14 00:18:29,902] INFO [Broker id=1] Creating new partition __consumer_offsets-16 with topic id T6C57BRHQeW5HD6idzBqAg. (state.change.logger)
[2025-02-14 00:18:29,906] INFO [Broker id=1] Leader __consumer_offsets-16 with topic id Some(T6C57BRHQeW5HD6idzBqAg) starts at leader epoch 0 from offset 0 with partition epoch 0, high watermark 0, ISR [1], adding replicas [] and removing replicas [] . Previous leader None and previous leader epoch was -1. (state.change.logger)
[2025-02-14 00:18:29,932] INFO [Broker id=1] Creating new partition __consumer_offsets-45 with topic id T6C57BRHQeW5HD6idzBqAg. (state.change.logger)
[2025-02-14 00:18:29,936] INFO [Broker id=1] Leader __consumer_offsets-45 with topic id Some(T6C57BRHQeW5HD6idzBqAg) starts at leader epoch 0 from offset 0 with partition epoch 0, high watermark 0, ISR [1], adding replicas [] and removing replicas [] . Previous leader None and previous leader epoch was -1. (state.change.logger)
[2025-02-14 00:18:29,960] INFO [Broker id=1] Creating new partition __consumer_offsets-12 with topic id T6C57BRHQeW5HD6idzBqAg. (state.change.logger)
[2025-02-14 00:18:29,964] INFO [Broker id=1] Leader __consumer_offsets-12 with topic id Some(T6C57BRHQeW5HD6idzBqAg) starts at leader epoch 0 from offset 0 with partition epoch 0, high watermark 0, ISR [1], adding replicas [] and removing replicas [] . Previous leader None and previous leader epoch was -1. (state.change.logger)
[2025-02-14 00:18:29,980] INFO [Broker id=1] Creating new partition __consumer_offsets-41 with topic id T6C57BRHQeW5HD6idzBqAg. (state.change.logger)
[2025-02-14 00:18:29,984] INFO [Broker id=1] Leader __consumer_offsets-41 with topic id Some(T6C57BRHQeW5HD6idzBqAg) starts at leader epoch 0 from offset 0 with partition epoch 0, high watermark 0, ISR [1], adding replicas [] and removing replicas [] . Previous leader None and previous leader epoch was -1. (state.change.logger)
[2025-02-14 00:18:30,015] INFO [Broker id=1] Creating new partition __consumer_offsets-24 with topic id T6C57BRHQeW5HD6idzBqAg. (state.change.logger)
[2025-02-14 00:18:30,020] INFO [Broker id=1] Leader __consumer_offsets-24 with topic id Some(T6C57BRHQeW5HD6idzBqAg) starts at leader epoch 0 from offset 0 with partition epoch 0, high watermark 0, ISR [1], adding replicas [] and removing replicas [] . Previous leader None and previous leader epoch was -1. (state.change.logger)
[2025-02-14 00:18:30,036] INFO [Broker id=1] Creating new partition __consumer_offsets-20 with topic id T6C57BRHQeW5HD6idzBqAg. (state.change.logger)
[2025-02-14 00:18:30,040] INFO [Broker id=1] Leader __consumer_offsets-20 with topic id Some(T6C57BRHQeW5HD6idzBqAg) starts at leader epoch 0 from offset 0 with partition epoch 0, high watermark 0, ISR [1], adding replicas [] and removing replicas [] . Previous leader None and previous leader epoch was -1. (state.change.logger)
[2025-02-14 00:18:30,076] INFO [Broker id=1] Creating new partition __consumer_offsets-49 with topic id T6C57BRHQeW5HD6idzBqAg. (state.change.logger)
[2025-02-14 00:18:30,080] INFO [Broker id=1] Leader __consumer_offsets-49 with topic id Some(T6C57BRHQeW5HD6idzBqAg) starts at leader epoch 0 from offset 0 with partition epoch 0, high watermark 0, ISR [1], adding replicas [] and removing replicas [] . Previous leader None and previous leader epoch was -1. (state.change.logger)
[2025-02-14 00:18:30,108] INFO [Broker id=1] Creating new partition __consumer_offsets-0 with topic id T6C57BRHQeW5HD6idzBqAg. (state.change.logger)
[2025-02-14 00:18:30,111] INFO [Broker id=1] Leader __consumer_offsets-0 with topic id Some(T6C57BRHQeW5HD6idzBqAg) starts at leader epoch 0 from offset 0 with partition epoch 0, high watermark 0, ISR [1], adding replicas [] and removing replicas [] . Previous leader None and previous leader epoch was -1. (state.change.logger)
[2025-02-14 00:18:30,138] INFO [Broker id=1] Creating new partition __consumer_offsets-29 with topic id T6C57BRHQeW5HD6idzBqAg. (state.change.logger)
[2025-02-14 00:18:30,142] INFO [Broker id=1] Leader __consumer_offsets-29 with topic id Some(T6C57BRHQeW5HD6idzBqAg) starts at leader epoch 0 from offset 0 with partition epoch 0, high watermark 0, ISR [1], adding replicas [] and removing replicas [] . Previous leader None and previous leader epoch was -1. (state.change.logger)
[2025-02-14 00:18:30,165] INFO [Broker id=1] Creating new partition __consumer_offsets-25 with topic id T6C57BRHQeW5HD6idzBqAg. (state.change.logger)
[2025-02-14 00:18:30,168] INFO [Broker id=1] Leader __consumer_offsets-25 with topic id Some(T6C57BRHQeW5HD6idzBqAg) starts at leader epoch 0 from offset 0 with partition epoch 0, high watermark 0, ISR [1], adding replicas [] and removing replicas [] . Previous leader None and previous leader epoch was -1. (state.change.logger)
[2025-02-14 00:18:30,183] INFO [Broker id=1] Creating new partition __consumer_offsets-8 with topic id T6C57BRHQeW5HD6idzBqAg. (state.change.logger)
[2025-02-14 00:18:30,186] INFO [Broker id=1] Leader __consumer_offsets-8 with topic id Some(T6C57BRHQeW5HD6idzBqAg) starts at leader epoch 0 from offset 0 with partition epoch 0, high watermark 0, ISR [1], adding replicas [] and removing replicas [] . Previous leader None and previous leader epoch was -1. (state.change.logger)
[2025-02-14 00:18:30,220] INFO [Broker id=1] Creating new partition __consumer_offsets-37 with topic id T6C57BRHQeW5HD6idzBqAg. (state.change.logger)
[2025-02-14 00:18:30,223] INFO [Broker id=1] Leader __consumer_offsets-37 with topic id Some(T6C57BRHQeW5HD6idzBqAg) starts at leader epoch 0 from offset 0 with partition epoch 0, high watermark 0, ISR [1], adding replicas [] and removing replicas [] . Previous leader None and previous leader epoch was -1. (state.change.logger)
[2025-02-14 00:18:30,254] INFO [Broker id=1] Creating new partition __consumer_offsets-4 with topic id T6C57BRHQeW5HD6idzBqAg. (state.change.logger)
[2025-02-14 00:18:30,257] INFO [Broker id=1] Leader __consumer_offsets-4 with topic id Some(T6C57BRHQeW5HD6idzBqAg) starts at leader epoch 0 from offset 0 with partition epoch 0, high watermark 0, ISR [1], adding replicas [] and removing replicas [] . Previous leader None and previous leader epoch was -1. (state.change.logger)
[2025-02-14 00:18:30,282] INFO [Broker id=1] Creating new partition __consumer_offsets-33 with topic id T6C57BRHQeW5HD6idzBqAg. (state.change.logger)
[2025-02-14 00:18:30,286] INFO [Broker id=1] Leader __consumer_offsets-33 with topic id Some(T6C57BRHQeW5HD6idzBqAg) starts at leader epoch 0 from offset 0 with partition epoch 0, high watermark 0, ISR [1], adding replicas [] and removing replicas [] . Previous leader None and previous leader epoch was -1. (state.change.logger)
[2025-02-14 00:18:30,303] INFO [Broker id=1] Creating new partition __consumer_offsets-15 with topic id T6C57BRHQeW5HD6idzBqAg. (state.change.logger)
[2025-02-14 00:18:30,307] INFO [Broker id=1] Leader __consumer_offsets-15 with topic id Some(T6C57BRHQeW5HD6idzBqAg) starts at leader epoch 0 from offset 0 with partition epoch 0, high watermark 0, ISR [1], adding replicas [] and removing replicas [] . Previous leader None and previous leader epoch was -1. (state.change.logger)
[2025-02-14 00:18:30,334] INFO [Broker id=1] Creating new partition __consumer_offsets-48 with topic id T6C57BRHQeW5HD6idzBqAg. (state.change.logger)
[2025-02-14 00:18:30,338] INFO [Broker id=1] Leader __consumer_offsets-48 with topic id Some(T6C57BRHQeW5HD6idzBqAg) starts at leader epoch 0 from offset 0 with partition epoch 0, high watermark 0, ISR [1], adding replicas [] and removing replicas [] . Previous leader None and previous leader epoch was -1. (state.change.logger)
[2025-02-14 00:18:30,369] INFO [Broker id=1] Creating new partition __consumer_offsets-11 with topic id T6C57BRHQeW5HD6idzBqAg. (state.change.logger)
[2025-02-14 00:18:30,373] INFO [Broker id=1] Leader __consumer_offsets-11 with topic id Some(T6C57BRHQeW5HD6idzBqAg) starts at leader epoch 0 from offset 0 with partition epoch 0, high watermark 0, ISR [1], adding replicas [] and removing replicas [] . Previous leader None and previous leader epoch was -1. (state.change.logger)
[2025-02-14 00:18:30,388] INFO [Broker id=1] Creating new partition __consumer_offsets-44 with topic id T6C57BRHQeW5HD6idzBqAg. (state.change.logger)
[2025-02-14 00:18:30,391] INFO [Broker id=1] Leader __consumer_offsets-44 with topic id Some(T6C57BRHQeW5HD6idzBqAg) starts at leader epoch 0 from offset 0 with partition epoch 0, high watermark 0, ISR [1], adding replicas [] and removing replicas [] . Previous leader None and previous leader epoch was -1. (state.change.logger)
[2025-02-14 00:18:30,429] INFO [Broker id=1] Creating new partition __consumer_offsets-23 with topic id T6C57BRHQeW5HD6idzBqAg. (state.change.logger)
[2025-02-14 00:18:30,433] INFO [Broker id=1] Leader __consumer_offsets-23 with topic id Some(T6C57BRHQeW5HD6idzBqAg) starts at leader epoch 0 from offset 0 with partition epoch 0, high watermark 0, ISR [1], adding replicas [] and removing replicas [] . Previous leader None and previous leader epoch was -1. (state.change.logger)
[2025-02-14 00:18:30,451] INFO [Broker id=1] Creating new partition __consumer_offsets-19 with topic id T6C57BRHQeW5HD6idzBqAg. (state.change.logger)
[2025-02-14 00:18:30,455] INFO [Broker id=1] Leader __consumer_offsets-19 with topic id Some(T6C57BRHQeW5HD6idzBqAg) starts at leader epoch 0 from offset 0 with partition epoch 0, high watermark 0, ISR [1], adding replicas [] and removing replicas [] . Previous leader None and previous leader epoch was -1. (state.change.logger)
[2025-02-14 00:18:30,480] INFO [Broker id=1] Creating new partition __consumer_offsets-32 with topic id T6C57BRHQeW5HD6idzBqAg. (state.change.logger)
[2025-02-14 00:18:30,483] INFO [Broker id=1] Leader __consumer_offsets-32 with topic id Some(T6C57BRHQeW5HD6idzBqAg) starts at leader epoch 0 from offset 0 with partition epoch 0, high watermark 0, ISR [1], adding replicas [] and removing replicas [] . Previous leader None and previous leader epoch was -1. (state.change.logger)
[2025-02-14 00:18:30,506] INFO [Broker id=1] Creating new partition __consumer_offsets-28 with topic id T6C57BRHQeW5HD6idzBqAg. (state.change.logger)
[2025-02-14 00:18:30,510] INFO [Broker id=1] Leader __consumer_offsets-28 with topic id Some(T6C57BRHQeW5HD6idzBqAg) starts at leader epoch 0 from offset 0 with partition epoch 0, high watermark 0, ISR [1], adding replicas [] and removing replicas [] . Previous leader None and previous leader epoch was -1. (state.change.logger)
[2025-02-14 00:18:30,536] INFO [Broker id=1] Creating new partition __consumer_offsets-7 with topic id T6C57BRHQeW5HD6idzBqAg. (state.change.logger)
[2025-02-14 00:18:30,539] INFO [Broker id=1] Leader __consumer_offsets-7 with topic id Some(T6C57BRHQeW5HD6idzBqAg) starts at leader epoch 0 from offset 0 with partition epoch 0, high watermark 0, ISR [1], adding replicas [] and removing replicas [] . Previous leader None and previous leader epoch was -1. (state.change.logger)
[2025-02-14 00:18:30,575] INFO [Broker id=1] Creating new partition __consumer_offsets-40 with topic id T6C57BRHQeW5HD6idzBqAg. (state.change.logger)
[2025-02-14 00:18:30,578] INFO [Broker id=1] Leader __consumer_offsets-40 with topic id Some(T6C57BRHQeW5HD6idzBqAg) starts at leader epoch 0 from offset 0 with partition epoch 0, high watermark 0, ISR [1], adding replicas [] and removing replicas [] . Previous leader None and previous leader epoch was -1. (state.change.logger)
[2025-02-14 00:18:30,614] INFO [Broker id=1] Creating new partition __consumer_offsets-3 with topic id T6C57BRHQeW5HD6idzBqAg. (state.change.logger)
[2025-02-14 00:18:30,618] INFO [Broker id=1] Leader __consumer_offsets-3 with topic id Some(T6C57BRHQeW5HD6idzBqAg) starts at leader epoch 0 from offset 0 with partition epoch 0, high watermark 0, ISR [1], adding replicas [] and removing replicas [] . Previous leader None and previous leader epoch was -1. (state.change.logger)
[2025-02-14 00:18:30,648] INFO [Broker id=1] Creating new partition __consumer_offsets-36 with topic id T6C57BRHQeW5HD6idzBqAg. (state.change.logger)
[2025-02-14 00:18:30,652] INFO [Broker id=1] Leader __consumer_offsets-36 with topic id Some(T6C57BRHQeW5HD6idzBqAg) starts at leader epoch 0 from offset 0 with partition epoch 0, high watermark 0, ISR [1], adding replicas [] and removing replicas [] . Previous leader None and previous leader epoch was -1. (state.change.logger)
[2025-02-14 00:18:30,691] INFO [Broker id=1] Creating new partition __consumer_offsets-47 with topic id T6C57BRHQeW5HD6idzBqAg. (state.change.logger)
[2025-02-14 00:18:30,697] INFO [Broker id=1] Leader __consumer_offsets-47 with topic id Some(T6C57BRHQeW5HD6idzBqAg) starts at leader epoch 0 from offset 0 with partition epoch 0, high watermark 0, ISR [1], adding replicas [] and removing replicas [] . Previous leader None and previous leader epoch was -1. (state.change.logger)
[2025-02-14 00:18:30,716] INFO [Broker id=1] Creating new partition __consumer_offsets-14 with topic id T6C57BRHQeW5HD6idzBqAg. (state.change.logger)
[2025-02-14 00:18:30,719] INFO [Broker id=1] Leader __consumer_offsets-14 with topic id Some(T6C57BRHQeW5HD6idzBqAg) starts at leader epoch 0 from offset 0 with partition epoch 0, high watermark 0, ISR [1], adding replicas [] and removing replicas [] . Previous leader None and previous leader epoch was -1. (state.change.logger)
[2025-02-14 00:18:30,734] INFO [Broker id=1] Creating new partition __consumer_offsets-43 with topic id T6C57BRHQeW5HD6idzBqAg. (state.change.logger)
[2025-02-14 00:18:30,737] INFO [Broker id=1] Leader __consumer_offsets-43 with topic id Some(T6C57BRHQeW5HD6idzBqAg) starts at leader epoch 0 from offset 0 with partition epoch 0, high watermark 0, ISR [1], adding replicas [] and removing replicas [] . Previous leader None and previous leader epoch was -1. (state.change.logger)
[2025-02-14 00:18:30,777] INFO [Broker id=1] Creating new partition __consumer_offsets-10 with topic id T6C57BRHQeW5HD6idzBqAg. (state.change.logger)
[2025-02-14 00:18:30,780] INFO [Broker id=1] Leader __consumer_offsets-10 with topic id Some(T6C57BRHQeW5HD6idzBqAg) starts at leader epoch 0 from offset 0 with partition epoch 0, high watermark 0, ISR [1], adding replicas [] and removing replicas [] . Previous leader None and previous leader epoch was -1. (state.change.logger)
[2025-02-14 00:18:30,818] INFO [Broker id=1] Creating new partition __consumer_offsets-22 with topic id T6C57BRHQeW5HD6idzBqAg. (state.change.logger)
[2025-02-14 00:18:30,822] INFO [Broker id=1] Leader __consumer_offsets-22 with topic id Some(T6C57BRHQeW5HD6idzBqAg) starts at leader epoch 0 from offset 0 with partition epoch 0, high watermark 0, ISR [1], adding replicas [] and removing replicas [] . Previous leader None and previous leader epoch was -1. (state.change.logger)
[2025-02-14 00:18:30,851] INFO [Broker id=1] Creating new partition __consumer_offsets-18 with topic id T6C57BRHQeW5HD6idzBqAg. (state.change.logger)
[2025-02-14 00:18:30,855] INFO [Broker id=1] Leader __consumer_offsets-18 with topic id Some(T6C57BRHQeW5HD6idzBqAg) starts at leader epoch 0 from offset 0 with partition epoch 0, high watermark 0, ISR [1], adding replicas [] and removing replicas [] . Previous leader None and previous leader epoch was -1. (state.change.logger)
[2025-02-14 00:18:30,879] INFO [Broker id=1] Creating new partition __consumer_offsets-31 with topic id T6C57BRHQeW5HD6idzBqAg. (state.change.logger)
[2025-02-14 00:18:30,884] INFO [Broker id=1] Leader __consumer_offsets-31 with topic id Some(T6C57BRHQeW5HD6idzBqAg) starts at leader epoch 0 from offset 0 with partition epoch 0, high watermark 0, ISR [1], adding replicas [] and removing replicas [] . Previous leader None and previous leader epoch was -1. (state.change.logger)
[2025-02-14 00:18:30,902] INFO [Broker id=1] Creating new partition __consumer_offsets-27 with topic id T6C57BRHQeW5HD6idzBqAg. (state.change.logger)
[2025-02-14 00:18:30,907] INFO [Broker id=1] Leader __consumer_offsets-27 with topic id Some(T6C57BRHQeW5HD6idzBqAg) starts at leader epoch 0 from offset 0 with partition epoch 0, high watermark 0, ISR [1], adding replicas [] and removing replicas [] . Previous leader None and previous leader epoch was -1. (state.change.logger)
[2025-02-14 00:18:30,927] INFO [Broker id=1] Creating new partition __consumer_offsets-39 with topic id T6C57BRHQeW5HD6idzBqAg. (state.change.logger)
[2025-02-14 00:18:30,930] INFO [Broker id=1] Leader __consumer_offsets-39 with topic id Some(T6C57BRHQeW5HD6idzBqAg) starts at leader epoch 0 from offset 0 with partition epoch 0, high watermark 0, ISR [1], adding replicas [] and removing replicas [] . Previous leader None and previous leader epoch was -1. (state.change.logger)
[2025-02-14 00:18:30,944] INFO [Broker id=1] Creating new partition __consumer_offsets-6 with topic id T6C57BRHQeW5HD6idzBqAg. (state.change.logger)
[2025-02-14 00:18:30,948] INFO [Broker id=1] Leader __consumer_offsets-6 with topic id Some(T6C57BRHQeW5HD6idzBqAg) starts at leader epoch 0 from offset 0 with partition epoch 0, high watermark 0, ISR [1], adding replicas [] and removing replicas [] . Previous leader None and previous leader epoch was -1. (state.change.logger)
[2025-02-14 00:18:30,965] INFO [Broker id=1] Creating new partition __consumer_offsets-35 with topic id T6C57BRHQeW5HD6idzBqAg. (state.change.logger)
[2025-02-14 00:18:30,968] INFO [Broker id=1] Leader __consumer_offsets-35 with topic id Some(T6C57BRHQeW5HD6idzBqAg) starts at leader epoch 0 from offset 0 with partition epoch 0, high watermark 0, ISR [1], adding replicas [] and removing replicas [] . Previous leader None and previous leader epoch was -1. (state.change.logger)
[2025-02-14 00:18:31,009] INFO [Broker id=1] Creating new partition __consumer_offsets-2 with topic id T6C57BRHQeW5HD6idzBqAg. (state.change.logger)
[2025-02-14 00:18:31,014] INFO [Broker id=1] Leader __consumer_offsets-2 with topic id Some(T6C57BRHQeW5HD6idzBqAg) starts at leader epoch 0 from offset 0 with partition epoch 0, high watermark 0, ISR [1], adding replicas [] and removing replicas [] . Previous leader None and previous leader epoch was -1. (state.change.logger)
[2025-02-14 00:44:31,395] INFO [Broker id=1] Transitioning 51 partition(s) to local followers. (state.change.logger)
[2025-02-14 00:44:31,398] INFO [Broker id=1] Follower __consumer_offsets-13 starts at leader epoch 1 from offset 0 with partition epoch 1 and high watermark 0. Current leader is -1. Previous leader Some(-1) and previous leader epoch was 1. (state.change.logger)
[2025-02-14 00:44:31,398] INFO [Broker id=1] Follower __consumer_offsets-46 starts at leader epoch 1 from offset 0 with partition epoch 1 and high watermark 0. Current leader is -1. Previous leader Some(-1) and previous leader epoch was 1. (state.change.logger)
[2025-02-14 00:44:31,398] INFO [Broker id=1] Follower __consumer_offsets-9 starts at leader epoch 1 from offset 0 with partition epoch 1 and high watermark 0. Current leader is -1. Previous leader Some(-1) and previous leader epoch was 1. (state.change.logger)
[2025-02-14 00:44:31,398] INFO [Broker id=1] Follower __consumer_offsets-42 starts at leader epoch 1 from offset 0 with partition epoch 1 and high watermark 0. Current leader is -1. Previous leader Some(-1) and previous leader epoch was 1. (state.change.logger)
[2025-02-14 00:44:31,398] INFO [Broker id=1] Follower __consumer_offsets-21 starts at leader epoch 1 from offset 0 with partition epoch 1 and high watermark 0. Current leader is -1. Previous leader Some(-1) and previous leader epoch was 1. (state.change.logger)
[2025-02-14 00:44:31,399] INFO [Broker id=1] Follower __consumer_offsets-17 starts at leader epoch 1 from offset 0 with partition epoch 1 and high watermark 0. Current leader is -1. Previous leader Some(-1) and previous leader epoch was 1. (state.change.logger)
[2025-02-14 00:44:31,399] INFO [Broker id=1] Follower __consumer_offsets-30 starts at leader epoch 1 from offset 0 with partition epoch 1 and high watermark 0. Current leader is -1. Previous leader Some(-1) and previous leader epoch was 1. (state.change.logger)
[2025-02-14 00:44:31,399] INFO [Broker id=1] Follower __consumer_offsets-26 starts at leader epoch 1 from offset 0 with partition epoch 1 and high watermark 0. Current leader is -1. Previous leader Some(-1) and previous leader epoch was 1. (state.change.logger)
[2025-02-14 00:44:31,399] INFO [Broker id=1] Follower __consumer_offsets-5 starts at leader epoch 1 from offset 0 with partition epoch 1 and high watermark 0. Current leader is -1. Previous leader Some(-1) and previous leader epoch was 1. (state.change.logger)
[2025-02-14 00:44:31,399] INFO [Broker id=1] Follower __consumer_offsets-38 starts at leader epoch 1 from offset 0 with partition epoch 1 and high watermark 0. Current leader is -1. Previous leader Some(-1) and previous leader epoch was 1. (state.change.logger)
[2025-02-14 00:44:31,399] INFO [Broker id=1] Follower __consumer_offsets-1 starts at leader epoch 1 from offset 0 with partition epoch 1 and high watermark 0. Current leader is -1. Previous leader Some(-1) and previous leader epoch was 1. (state.change.logger)
[2025-02-14 00:44:31,399] INFO [Broker id=1] Follower __consumer_offsets-34 starts at leader epoch 1 from offset 0 with partition epoch 1 and high watermark 0. Current leader is -1. Previous leader Some(-1) and previous leader epoch was 1. (state.change.logger)
[2025-02-14 00:44:31,400] INFO [Broker id=1] Follower __consumer_offsets-16 starts at leader epoch 1 from offset 0 with partition epoch 1 and high watermark 0. Current leader is -1. Previous leader Some(-1) and previous leader epoch was 1. (state.change.logger)
[2025-02-14 00:44:31,400] INFO [Broker id=1] Follower __consumer_offsets-45 starts at leader epoch 1 from offset 0 with partition epoch 1 and high watermark 0. Current leader is -1. Previous leader Some(-1) and previous leader epoch was 1. (state.change.logger)
[2025-02-14 00:44:31,400] INFO [Broker id=1] Follower __consumer_offsets-12 starts at leader epoch 1 from offset 0 with partition epoch 1 and high watermark 0. Current leader is -1. Previous leader Some(-1) and previous leader epoch was 1. (state.change.logger)
[2025-02-14 00:44:31,400] INFO [Broker id=1] Follower __consumer_offsets-41 starts at leader epoch 1 from offset 0 with partition epoch 1 and high watermark 0. Current leader is -1. Previous leader Some(-1) and previous leader epoch was 1. (state.change.logger)
[2025-02-14 00:44:31,400] INFO [Broker id=1] Follower news-0 starts at leader epoch 1 from offset 4 with partition epoch 1 and high watermark 4. Current leader is -1. Previous leader Some(-1) and previous leader epoch was 1. (state.change.logger)
[2025-02-14 00:44:31,400] INFO [Broker id=1] Follower __consumer_offsets-24 starts at leader epoch 1 from offset 0 with partition epoch 1 and high watermark 0. Current leader is -1. Previous leader Some(-1) and previous leader epoch was 1. (state.change.logger)
[2025-02-14 00:44:31,400] INFO [Broker id=1] Follower __consumer_offsets-20 starts at leader epoch 1 from offset 0 with partition epoch 1 and high watermark 0. Current leader is -1. Previous leader Some(-1) and previous leader epoch was 1. (state.change.logger)
[2025-02-14 00:44:31,400] INFO [Broker id=1] Follower __consumer_offsets-49 starts at leader epoch 1 from offset 0 with partition epoch 1 and high watermark 0. Current leader is -1. Previous leader Some(-1) and previous leader epoch was 1. (state.change.logger)
[2025-02-14 00:44:31,400] INFO [Broker id=1] Follower __consumer_offsets-0 starts at leader epoch 1 from offset 0 with partition epoch 1 and high watermark 0. Current leader is -1. Previous leader Some(-1) and previous leader epoch was 1. (state.change.logger)
[2025-02-14 00:44:31,400] INFO [Broker id=1] Follower __consumer_offsets-29 starts at leader epoch 1 from offset 0 with partition epoch 1 and high watermark 0. Current leader is -1. Previous leader Some(-1) and previous leader epoch was 1. (state.change.logger)
[2025-02-14 00:44:31,400] INFO [Broker id=1] Follower __consumer_offsets-25 starts at leader epoch 1 from offset 0 with partition epoch 1 and high watermark 0. Current leader is -1. Previous leader Some(-1) and previous leader epoch was 1. (state.change.logger)
[2025-02-14 00:44:31,400] INFO [Broker id=1] Follower __consumer_offsets-8 starts at leader epoch 1 from offset 0 with partition epoch 1 and high watermark 0. Current leader is -1. Previous leader Some(-1) and previous leader epoch was 1. (state.change.logger)
[2025-02-14 00:44:31,400] INFO [Broker id=1] Follower __consumer_offsets-37 starts at leader epoch 1 from offset 0 with partition epoch 1 and high watermark 0. Current leader is -1. Previous leader Some(-1) and previous leader epoch was 1. (state.change.logger)
[2025-02-14 00:44:31,400] INFO [Broker id=1] Follower __consumer_offsets-4 starts at leader epoch 1 from offset 0 with partition epoch 1 and high watermark 0. Current leader is -1. Previous leader Some(-1) and previous leader epoch was 1. (state.change.logger)
[2025-02-14 00:44:31,400] INFO [Broker id=1] Follower __consumer_offsets-33 starts at leader epoch 1 from offset 0 with partition epoch 1 and high watermark 0. Current leader is -1. Previous leader Some(-1) and previous leader epoch was 1. (state.change.logger)
[2025-02-14 00:44:31,400] INFO [Broker id=1] Follower __consumer_offsets-15 starts at leader epoch 1 from offset 0 with partition epoch 1 and high watermark 0. Current leader is -1. Previous leader Some(-1) and previous leader epoch was 1. (state.change.logger)
[2025-02-14 00:44:31,400] INFO [Broker id=1] Follower __consumer_offsets-48 starts at leader epoch 1 from offset 0 with partition epoch 1 and high watermark 0. Current leader is -1. Previous leader Some(-1) and previous leader epoch was 1. (state.change.logger)
[2025-02-14 00:44:31,400] INFO [Broker id=1] Follower __consumer_offsets-11 starts at leader epoch 1 from offset 0 with partition epoch 1 and high watermark 0. Current leader is -1. Previous leader Some(-1) and previous leader epoch was 1. (state.change.logger)
[2025-02-14 00:44:31,400] INFO [Broker id=1] Follower __consumer_offsets-44 starts at leader epoch 1 from offset 0 with partition epoch 1 and high watermark 0. Current leader is -1. Previous leader Some(-1) and previous leader epoch was 1. (state.change.logger)
[2025-02-14 00:44:31,400] INFO [Broker id=1] Follower __consumer_offsets-23 starts at leader epoch 1 from offset 0 with partition epoch 1 and high watermark 0. Current leader is -1. Previous leader Some(-1) and previous leader epoch was 1. (state.change.logger)
[2025-02-14 00:44:31,400] INFO [Broker id=1] Follower __consumer_offsets-19 starts at leader epoch 1 from offset 0 with partition epoch 1 and high watermark 0. Current leader is -1. Previous leader Some(-1) and previous leader epoch was 1. (state.change.logger)
[2025-02-14 00:44:31,400] INFO [Broker id=1] Follower __consumer_offsets-32 starts at leader epoch 1 from offset 0 with partition epoch 1 and high watermark 0. Current leader is -1. Previous leader Some(-1) and previous leader epoch was 1. (state.change.logger)
[2025-02-14 00:44:31,400] INFO [Broker id=1] Follower __consumer_offsets-28 starts at leader epoch 1 from offset 0 with partition epoch 1 and high watermark 0. Current leader is -1. Previous leader Some(-1) and previous leader epoch was 1. (state.change.logger)
[2025-02-14 00:44:31,400] INFO [Broker id=1] Follower __consumer_offsets-7 starts at leader epoch 1 from offset 0 with partition epoch 1 and high watermark 0. Current leader is -1. Previous leader Some(-1) and previous leader epoch was 1. (state.change.logger)
[2025-02-14 00:44:31,400] INFO [Broker id=1] Follower __consumer_offsets-40 starts at leader epoch 1 from offset 0 with partition epoch 1 and high watermark 0. Current leader is -1. Previous leader Some(-1) and previous leader epoch was 1. (state.change.logger)
[2025-02-14 00:44:31,401] INFO [Broker id=1] Follower __consumer_offsets-3 starts at leader epoch 1 from offset 0 with partition epoch 1 and high watermark 0. Current leader is -1. Previous leader Some(-1) and previous leader epoch was 1. (state.change.logger)
[2025-02-14 00:44:31,401] INFO [Broker id=1] Follower __consumer_offsets-36 starts at leader epoch 1 from offset 0 with partition epoch 1 and high watermark 0. Current leader is -1. Previous leader Some(-1) and previous leader epoch was 1. (state.change.logger)
[2025-02-14 00:44:31,401] INFO [Broker id=1] Follower __consumer_offsets-47 starts at leader epoch 1 from offset 0 with partition epoch 1 and high watermark 0. Current leader is -1. Previous leader Some(-1) and previous leader epoch was 1. (state.change.logger)
[2025-02-14 00:44:31,401] INFO [Broker id=1] Follower __consumer_offsets-14 starts at leader epoch 1 from offset 0 with partition epoch 1 and high watermark 0. Current leader is -1. Previous leader Some(-1) and previous leader epoch was 1. (state.change.logger)
[2025-02-14 00:44:31,401] INFO [Broker id=1] Follower __consumer_offsets-43 starts at leader epoch 1 from offset 2 with partition epoch 1 and high watermark 2. Current leader is -1. Previous leader Some(-1) and previous leader epoch was 1. (state.change.logger)
[2025-02-14 00:44:31,401] INFO [Broker id=1] Follower __consumer_offsets-10 starts at leader epoch 1 from offset 0 with partition epoch 1 and high watermark 0. Current leader is -1. Previous leader Some(-1) and previous leader epoch was 1. (state.change.logger)
[2025-02-14 00:44:31,401] INFO [Broker id=1] Follower __consumer_offsets-22 starts at leader epoch 1 from offset 0 with partition epoch 1 and high watermark 0. Current leader is -1. Previous leader Some(-1) and previous leader epoch was 1. (state.change.logger)
[2025-02-14 00:44:31,401] INFO [Broker id=1] Follower __consumer_offsets-18 starts at leader epoch 1 from offset 0 with partition epoch 1 and high watermark 0. Current leader is -1. Previous leader Some(-1) and previous leader epoch was 1. (state.change.logger)
[2025-02-14 00:44:31,401] INFO [Broker id=1] Follower __consumer_offsets-31 starts at leader epoch 1 from offset 0 with partition epoch 1 and high watermark 0. Current leader is -1. Previous leader Some(-1) and previous leader epoch was 1. (state.change.logger)
[2025-02-14 00:44:31,401] INFO [Broker id=1] Follower __consumer_offsets-27 starts at leader epoch 1 from offset 0 with partition epoch 1 and high watermark 0. Current leader is -1. Previous leader Some(-1) and previous leader epoch was 1. (state.change.logger)
[2025-02-14 00:44:31,401] INFO [Broker id=1] Follower __consumer_offsets-39 starts at leader epoch 1 from offset 0 with partition epoch 1 and high watermark 0. Current leader is -1. Previous leader Some(-1) and previous leader epoch was 1. (state.change.logger)
[2025-02-14 00:44:31,401] INFO [Broker id=1] Follower __consumer_offsets-6 starts at leader epoch 1 from offset 0 with partition epoch 1 and high watermark 0. Current leader is -1. Previous leader Some(-1) and previous leader epoch was 1. (state.change.logger)
[2025-02-14 00:44:31,401] INFO [Broker id=1] Follower __consumer_offsets-35 starts at leader epoch 1 from offset 0 with partition epoch 1 and high watermark 0. Current leader is -1. Previous leader Some(-1) and previous leader epoch was 1. (state.change.logger)
[2025-02-14 00:44:31,401] INFO [Broker id=1] Follower __consumer_offsets-2 starts at leader epoch 1 from offset 0 with partition epoch 1 and high watermark 0. Current leader is -1. Previous leader Some(-1) and previous leader epoch was 1. (state.change.logger)
[2025-02-14 00:44:31,408] INFO [Broker id=1] Stopped fetchers as part of controlled shutdown for 51 partitions (state.change.logger)
